[01m[K/home/sitl1/sitl_ws/src/fiducials/aruco_detect/src/aruco_detect.cpp:[m[K In member function â€˜[01m[Kvoid FiducialsNode::imageCallback(const ImageConstPtr&)[m[Kâ€™:
[01m[K/home/sitl1/sitl_ws/src/fiducials/aruco_detect/src/aruco_detect.cpp:282:71:[m[K [01;31m[Kerror: [m[Kinvalid initialization of reference of type â€˜[01m[Kconst cv::Ptr<cv::aruco::DetectorParameters>&[m[Kâ€™ from expression of type â€˜[01m[Kstd::unique_ptr<cv::aruco::DetectorParameters>[m[Kâ€™
  282 |         aruco::detectMarkers(cv_ptr->image, dictionary, corners, ids, [01;31m[KdetectorParams[m[K);
      |                                                                       [01;31m[K^~~~~~~~~~~~~~[m[K
In file included from [01m[K/home/sitl1/sitl_ws/src/fiducials/aruco_detect/src/aruco_detect.cpp:33[m[K:
[01m[K/usr/include/opencv4/opencv2/aruco.hpp:222:81:[m[K [01;36m[Knote: [m[Kin passing argument 5 of â€˜[01m[Kvoid cv::aruco::detectMarkers(cv::InputArray, const cv::Ptr<cv::aruco::Dictionary>&, cv::OutputArrayOfArrays, cv::OutputArray, const cv::Ptr<cv::aruco::DetectorParameters>&, cv::OutputArrayOfArrays, cv::InputArray, cv::InputArray)[m[Kâ€™
  222 |                                 OutputArray ids, [01;36m[Kconst Ptr<DetectorParameters> &parameters = DetectorParameters::create()[m[K,
      |                                                  [01;36m[K~~~~~~~~~~~~~~~~~~~~~~~~~~~~~~~^~~~~~~~~~~~~~~~~~~~~~~~~~~~~~~~~~~~~~~~~[m[K
[01m[K/home/sitl1/sitl_ws/src/fiducials/aruco_detect/src/aruco_detect.cpp:[m[K In constructor â€˜[01m[KFiducialsNode::FiducialsNode()[m[Kâ€™:
[01m[K/home/sitl1/sitl_ws/src/fiducials/aruco_detect/src/aruco_detect.cpp:467:27:[m[K [01;31m[Kerror: [m[Kâ€˜[01m[Kmake_unique[m[Kâ€™ is not a member of â€˜[01m[Kstd[m[Kâ€™
  467 |     detectorParams = std::[01;31m[Kmake_unique[m[K<aruco::DetectorParameters>();
      |                           [01;31m[K^~~~~~~~~~~[m[K
[01m[K/home/sitl1/sitl_ws/src/fiducials/aruco_detect/src/aruco_detect.cpp:467:27:[m[K [01;36m[Knote: [m[Kâ€˜[01m[Kstd::make_unique[m[Kâ€™ is only available from C++14 onwards
[01m[K/home/sitl1/sitl_ws/src/fiducials/aruco_detect/src/aruco_detect.cpp:467:64:[m[K [01;31m[Kerror: [m[Kexpected primary-expression before â€˜[01m[K>[m[Kâ€™ token
  467 |     detectorParams = std::make_unique<aruco::DetectorParameters[01;31m[K>[m[K();
      |                                                                [01;31m[K^[m[K
[01m[K/home/sitl1/sitl_ws/src/fiducials/aruco_detect/src/aruco_detect.cpp:467:66:[m[K [01;31m[Kerror: [m[Kexpected primary-expression before â€˜[01m[K)[m[Kâ€™ token
  467 |     detectorParams = std::make_unique<aruco::DetectorParameters>([01;31m[K)[m[K;
      |                                                                  [01;31m[K^[m[K
[01m[K/home/sitl1/sitl_ws/src/fiducials/aruco_detect/src/aruco_detect.cpp:[m[K In function â€˜[01m[Kint main(int, char**)[m[Kâ€™:
[01m[K/home/sitl1/sitl_ws/src/fiducials/aruco_detect/src/aruco_detect.cpp:507:51:[m[K [01;31m[Kerror: [m[Kâ€˜[01m[Kmake_unique[m[Kâ€™ is not a member of â€˜[01m[Kstd[m[Kâ€™
  507 |     std::unique_ptr<FiducialsNode> fd_node = std::[01;31m[Kmake_unique[m[K<FiducialsNode>();
      |                                                   [01;31m[K^~~~~~~~~~~[m[K
[01m[K/home/sitl1/sitl_ws/src/fiducials/aruco_detect/src/aruco_detect.cpp:507:51:[m[K [01;36m[Knote: [m[Kâ€˜[01m[Kstd::make_unique[m[Kâ€™ is only available from C++14 onwards
[01m[K/home/sitl1/sitl_ws/src/fiducials/aruco_detect/src/aruco_detect.cpp:507:76:[m[K [01;31m[Kerror: [m[Kexpected primary-expression before â€˜[01m[K>[m[Kâ€™ token
  507 |     std::unique_ptr<FiducialsNode> fd_node = std::make_unique<FiducialsNode[01;31m[K>[m[K();
      |                                                                            [01;31m[K^[m[K
[01m[K/home/sitl1/sitl_ws/src/fiducials/aruco_detect/src/aruco_detect.cpp:507:78:[m[K [01;31m[Kerror: [m[Kexpected primary-expression before â€˜[01m[K)[m[Kâ€™ token
  507 |     std::unique_ptr<FiducialsNode> fd_node = std::make_unique<FiducialsNode>([01;31m[K)[m[K;
      |                                                                              [01;31m[K^[m[K
make[2]: *** [CMakeFiles/aruco_detect.dir/build.make:63: CMakeFiles/aruco_detect.dir/src/aruco_detect.cpp.o] Error 1
make[1]: *** [CMakeFiles/Makefile2:579: CMakeFiles/aruco_detect.dir/all] Error 2
make: *** [Makefile:141: all] Error 2
