[01m[K/home/sitl1/sitl_ws/src/fiducials/aruco_detect/src/aruco_detect.cpp:[m[K In member function â€˜[01m[Kvoid FiducialsNode::camInfoCallback(const ConstPtr&)[m[Kâ€™:
[01m[K/home/sitl1/sitl_ws/src/fiducials/aruco_detect/src/aruco_detect.cpp:248:33:[m[K [01;31m[Kerror: [m[Kâ€˜[01m[Kaccumulate[m[Kâ€™ is not a member of â€˜[01m[Kstd[m[Kâ€™; did you mean â€˜[01m[Kcv::accumulate[m[Kâ€™?
  248 |     if (!msg->K.empty() && std::[01;31m[Kaccumulate[m[K(msg->K.begin(), msg->K.end(), 0.0) != 0.0) {
      |                                 [01;31m[K^~~~~~~~~~[m[K
In file included from [01m[K/usr/include/opencv4/opencv2/imgproc/imgproc.hpp:48[m[K,
                 from [01m[K/opt/ros/noetic/include/cv_bridge/cv_bridge.h:44[m[K,
                 from [01m[K/home/sitl1/sitl_ws/src/fiducials/aruco_detect/src/aruco_detect.cpp:16[m[K:
[01m[K/usr/include/opencv4/opencv2/imgproc.hpp:2762:19:[m[K [01;36m[Knote: [m[Kâ€˜[01m[Kcv::accumulate[m[Kâ€™ declared here
 2762 | CV_EXPORTS_W void [01;36m[Kaccumulate[m[K( InputArray src, InputOutputArray dst,
      |                   [01;36m[K^~~~~~~~~~[m[K
make[2]: *** [CMakeFiles/aruco_detect.dir/build.make:63: CMakeFiles/aruco_detect.dir/src/aruco_detect.cpp.o] Error 1
make[1]: *** [CMakeFiles/Makefile2:579: CMakeFiles/aruco_detect.dir/all] Error 2
make: *** [Makefile:141: all] Error 2
