[01m[K/home/sitl1/sitl_ws/src/fiducials/aruco_detect/src/aruco_detect.cpp:1:5:[m[K [01;35m[Kwarning: [m[Kmissing terminating ' character
    1 | Here[01;35m[K'[m[Ks the revised `FiducialsNode` class with the new code incorporated:
      |     [01;35m[K^[m[K
[01m[K/home/sitl1/sitl_ws/src/fiducials/aruco_detect/src/aruco_detect.cpp:1:5:[m[K [01;31m[Kerror: [m[Kmissing terminating ' character
    1 | Here[01;31m[K's the revised `FiducialsNode` class with the new code incorporated:[m[K
      |     [01;31m[K^~~~~~~~~~~~~~~~~~~~~~~~~~~~~~~~~~~~~~~~~~~~~~~~~~~~~~~~~~~~~~~~~~~~[m[K
[01m[K/home/sitl1/sitl_ws/src/fiducials/aruco_detect/src/aruco_detect.cpp:3:1:[m[K [01;31m[Kerror: [m[Kstray â€˜[01m[K`[m[Kâ€™ in program
    3 | [01;31m[K`[m[K``cpp
      | [01;31m[K^[m[K
[01m[K/home/sitl1/sitl_ws/src/fiducials/aruco_detect/src/aruco_detect.cpp:3:2:[m[K [01;31m[Kerror: [m[Kstray â€˜[01m[K`[m[Kâ€™ in program
    3 | `[01;31m[K`[m[K`cpp
      |  [01;31m[K^[m[K
[01m[K/home/sitl1/sitl_ws/src/fiducials/aruco_detect/src/aruco_detect.cpp:3:3:[m[K [01;31m[Kerror: [m[Kstray â€˜[01m[K`[m[Kâ€™ in program
    3 | ``[01;31m[K`[m[Kcpp
      |   [01;31m[K^[m[K
[01m[K/home/sitl1/sitl_ws/src/fiducials/aruco_detect/src/aruco_detect.cpp:1:1:[m[K [01;31m[Kerror: [m[Kâ€˜[01m[KHere[m[Kâ€™ does not name a type
    1 | [01;31m[KHere[m[K's the revised `FiducialsNode` class with the new code incorporated:
      | [01;31m[K^~~~[m[K
In file included from [01m[K/usr/include/boost/assert.hpp:58[m[K,
                 from [01m[K/usr/include/boost/thread/pthread/mutex.hpp:22[m[K,
                 from [01m[K/usr/include/boost/thread/mutex.hpp:16[m[K,
                 from [01m[K/opt/ros/noetic/include/ros/publisher.h:36[m[K,
                 from [01m[K/opt/ros/noetic/include/ros/node_handle.h:32[m[K,
                 from [01m[K/opt/ros/noetic/include/ros/ros.h:45[m[K,
                 from [01m[K/home/sitl1/sitl_ws/src/fiducials/aruco_detect/src/aruco_detect.cpp:40[m[K:
[01m[K/usr/include/boost/thread/detail/platform_time.hpp:[m[K In static member function â€˜[01m[Kstatic boost::detail::real_platform_timepoint boost::detail::real_platform_clock::now()[m[Kâ€™:
[01m[K/usr/include/boost/thread/detail/platform_time.hpp:311:11:[m[K [01;31m[Kerror: [m[Kâ€˜[01m[K__assert_fail[m[Kâ€™ was not declared in this scope
  311 |           [01;31m[KBOOST_ASSERT[m[K(0 && "Boost::Thread - clock_gettime(CLOCK_REALTIME) Internal Error");
      |           [01;31m[K^~~~~~~~~~~~[m[K
[01m[K/usr/include/boost/thread/detail/platform_time.hpp:[m[K In static member function â€˜[01m[Kstatic boost::detail::mono_platform_timepoint boost::detail::mono_platform_clock::now()[m[Kâ€™:
[01m[K/usr/include/boost/thread/detail/platform_time.hpp:447:9:[m[K [01;31m[Kerror: [m[Kâ€˜[01m[K__assert_fail[m[Kâ€™ was not declared in this scope
  447 |         [01;31m[KBOOST_ASSERT[m[K(0 && "Boost::Thread - clock_gettime(CLOCK_MONOTONIC) Internal Error");
      |         [01;31m[K^~~~~~~~~~~~[m[K
In file included from [01m[K/usr/include/boost/assert.hpp:58[m[K,
                 from [01m[K/usr/include/boost/thread/pthread/pthread_mutex_scoped_lock.hpp:10[m[K,
                 from [01m[K/usr/include/boost/thread/pthread/mutex.hpp:25[m[K,
                 from [01m[K/usr/include/boost/thread/mutex.hpp:16[m[K,
                 from [01m[K/opt/ros/noetic/include/ros/publisher.h:36[m[K,
                 from [01m[K/opt/ros/noetic/include/ros/node_handle.h:32[m[K,
                 from [01m[K/opt/ros/noetic/include/ros/ros.h:45[m[K,
                 from [01m[K/home/sitl1/sitl_ws/src/fiducials/aruco_detect/src/aruco_detect.cpp:40[m[K:
[01m[K/usr/include/boost/thread/pthread/pthread_helpers.hpp:[m[K In function â€˜[01m[Kint boost::posix::pthread_cond_init(pthread_cond_t*)[m[Kâ€™:
[01m[K/usr/include/boost/thread/pthread/pthread_helpers.hpp:41:7:[m[K [01;31m[Kerror: [m[Kâ€˜[01m[K__assert_fail[m[Kâ€™ was not declared in this scope
   41 |       [01;31m[KBOOST_VERIFY[m[K(!pthread_condattr_setclock(&attr, CLOCK_MONOTONIC));
      |       [01;31m[K^~~~~~~~~~~~[m[K
[01m[K/usr/include/boost/thread/pthread/pthread_mutex_scoped_lock.hpp:[m[K In constructor â€˜[01m[Kboost::pthread::pthread_mutex_scoped_lock::pthread_mutex_scoped_lock(pthread_mutex_t*)[m[Kâ€™:
[01m[K/usr/include/boost/thread/pthread/pthread_mutex_scoped_lock.hpp:27:17:[m[K [01;31m[Kerror: [m[Kâ€˜[01m[K__assert_fail[m[Kâ€™ was not declared in this scope
   27 |                 [01;31m[KBOOST_VERIFY[m[K(!posix::pthread_mutex_lock(m));
      |                 [01;31m[K^~~~~~~~~~~~[m[K
[01m[K/usr/include/boost/thread/pthread/pthread_mutex_scoped_lock.hpp:[m[K In member function â€˜[01m[Kvoid boost::pthread::pthread_mutex_scoped_lock::unlock()[m[Kâ€™:
[01m[K/usr/include/boost/thread/pthread/pthread_mutex_scoped_lock.hpp:31:17:[m[K [01;31m[Kerror: [m[Kâ€˜[01m[K__assert_fail[m[Kâ€™ was not declared in this scope
   31 |                 [01;31m[KBOOST_VERIFY[m[K(!posix::pthread_mutex_unlock(m));
      |                 [01;31m[K^~~~~~~~~~~~[m[K
[01m[K/usr/include/boost/thread/pthread/pthread_mutex_scoped_lock.hpp:[m[K In constructor â€˜[01m[Kboost::pthread::pthread_mutex_scoped_unlock::pthread_mutex_scoped_unlock(pthread_mutex_t*)[m[Kâ€™:
[01m[K/usr/include/boost/thread/pthread/pthread_mutex_scoped_lock.hpp:58:17:[m[K [01;31m[Kerror: [m[Kâ€˜[01m[K__assert_fail[m[Kâ€™ was not declared in this scope
   58 |                 [01;31m[KBOOST_VERIFY[m[K(!posix::pthread_mutex_unlock(m));
      |                 [01;31m[K^~~~~~~~~~~~[m[K
[01m[K/usr/include/boost/thread/pthread/pthread_mutex_scoped_lock.hpp:[m[K In destructor â€˜[01m[Kboost::pthread::pthread_mutex_scoped_unlock::~pthread_mutex_scoped_unlock()[m[Kâ€™:
[01m[K/usr/include/boost/thread/pthread/pthread_mutex_scoped_lock.hpp:62:17:[m[K [01;31m[Kerror: [m[Kâ€˜[01m[K__assert_fail[m[Kâ€™ was not declared in this scope
   62 |                 [01;31m[KBOOST_VERIFY[m[K(!posix::pthread_mutex_lock(m));
      |                 [01;31m[K^~~~~~~~~~~~[m[K
[01m[K/usr/include/boost/thread/pthread/mutex.hpp:[m[K In destructor â€˜[01m[Kboost::mutex::~mutex()[m[Kâ€™:
[01m[K/usr/include/boost/thread/pthread/mutex.hpp:56:11:[m[K [01;31m[Kerror: [m[Kâ€˜[01m[K__assert_fail[m[Kâ€™ was not declared in this scope
   56 |           [01;31m[KBOOST_VERIFY[m[K(!posix::pthread_mutex_destroy(&m));
      |           [01;31m[K^~~~~~~~~~~~[m[K
[01m[K/usr/include/boost/thread/pthread/mutex.hpp:[m[K In member function â€˜[01m[Kvoid boost::mutex::unlock()[m[Kâ€™:
[01m[K/usr/include/boost/thread/pthread/mutex.hpp:70:13:[m[K [01;31m[Kerror: [m[Kâ€˜[01m[K__assert_fail[m[Kâ€™ was not declared in this scope
   70 |             [01;31m[KBOOST_VERIFY[m[K(!posix::pthread_mutex_unlock(&m));
      |             [01;31m[K^~~~~~~~~~~~[m[K
[01m[K/usr/include/boost/thread/pthread/mutex.hpp:[m[K In constructor â€˜[01m[Kboost::timed_mutex::timed_mutex()[m[Kâ€™:
[01m[K/usr/include/boost/thread/pthread/mutex.hpp:120:17:[m[K [01;31m[Kerror: [m[Kâ€˜[01m[K__assert_fail[m[Kâ€™ was not declared in this scope
  120 |                 [01;31m[KBOOST_VERIFY[m[K(!posix::pthread_mutex_destroy(&m));
      |                 [01;31m[K^~~~~~~~~~~~[m[K
[01m[K/usr/include/boost/thread/pthread/mutex.hpp:[m[K In destructor â€˜[01m[Kboost::timed_mutex::~timed_mutex()[m[Kâ€™:
[01m[K/usr/include/boost/thread/pthread/mutex.hpp:128:13:[m[K [01;31m[Kerror: [m[Kâ€˜[01m[K__assert_fail[m[Kâ€™ was not declared in this scope
  128 |             [01;31m[KBOOST_VERIFY[m[K(!posix::pthread_mutex_destroy(&m));
      |             [01;31m[K^~~~~~~~~~~~[m[K
[01m[K/usr/include/boost/thread/pthread/mutex.hpp:[m[K In member function â€˜[01m[Kvoid boost::timed_mutex::lock()[m[Kâ€™:
[01m[K/usr/include/boost/thread/pthread/mutex.hpp:209:17:[m[K [01;31m[Kerror: [m[Kâ€˜[01m[K__assert_fail[m[Kâ€™ was not declared in this scope
  209 |                 [01;31m[KBOOST_VERIFY[m[K(!posix::pthread_cond_wait(&cond,&m));
      |                 [01;31m[K^~~~~~~~~~~~[m[K
[01m[K/usr/include/boost/thread/pthread/mutex.hpp:[m[K In member function â€˜[01m[Kvoid boost::timed_mutex::unlock()[m[Kâ€™:
[01m[K/usr/include/boost/thread/pthread/mutex.hpp:218:13:[m[K [01;31m[Kerror: [m[Kâ€˜[01m[K__assert_fail[m[Kâ€™ was not declared in this scope
  218 |             [01;31m[KBOOST_VERIFY[m[K(!posix::pthread_cond_signal(&cond));
      |             [01;31m[K^~~~~~~~~~~~[m[K
[01m[K/usr/include/boost/thread/pthread/mutex.hpp:[m[K In member function â€˜[01m[Kbool boost::timed_mutex::do_try_lock_until(const internal_platform_timepoint&)[m[Kâ€™:
[01m[K/usr/include/boost/thread/pthread/mutex.hpp:243:17:[m[K [01;31m[Kerror: [m[Kâ€˜[01m[K__assert_fail[m[Kâ€™ was not declared in this scope
  243 |                 [01;31m[KBOOST_ASSERT[m[K(!cond_res);
      |                 [01;31m[K^~~~~~~~~~~~[m[K
In file included from [01m[K/usr/include/boost/assert.hpp:58[m[K,
                 from [01m[K/usr/include/boost/signals2/deconstruct_ptr.hpp:18[m[K,
                 from [01m[K/usr/include/boost/signals2.hpp:16[m[K,
                 from [01m[K/opt/ros/noetic/include/tf2/buffer_core.h:37[m[K,
                 from [01m[K/opt/ros/noetic/include/tf2_ros/buffer_interface.h:35[m[K,
                 from [01m[K/opt/ros/noetic/include/tf2_ros/buffer.h:35[m[K,
                 from [01m[K/home/sitl1/sitl_ws/src/fiducials/aruco_detect/src/aruco_detect.cpp:43[m[K:
[01m[K/usr/include/boost/signals2/deconstruct_ptr.hpp:[m[K In function â€˜[01m[Kvoid boost::signals2::detail::do_predestruct(const boost::signals2::predestructible_adl_barrier::predestructible*)[m[Kâ€™:
[01m[K/usr/include/boost/signals2/deconstruct_ptr.hpp:51:11:[m[K [01;31m[Kerror: [m[Kâ€˜[01m[K__assert_fail[m[Kâ€™ was not declared in this scope
   51 |           [01;31m[KBOOST_ASSERT[m[K(false);
      |           [01;31m[K^~~~~~~~~~~~[m[K
In file included from [01m[K/usr/include/boost/assert.hpp:58[m[K,
                 from [01m[K/usr/include/boost/signals2/detail/lwm_pthreads.hpp:21[m[K,
                 from [01m[K/usr/include/boost/signals2/mutex.hpp:30[m[K,
                 from [01m[K/usr/include/boost/signals2/signal.hpp:31[m[K,
                 from [01m[K/usr/include/boost/signals2.hpp:19[m[K,
                 from [01m[K/opt/ros/noetic/include/tf2/buffer_core.h:37[m[K,
                 from [01m[K/opt/ros/noetic/include/tf2_ros/buffer_interface.h:35[m[K,
                 from [01m[K/opt/ros/noetic/include/tf2_ros/buffer.h:35[m[K,
                 from [01m[K/home/sitl1/sitl_ws/src/fiducials/aruco_detect/src/aruco_detect.cpp:43[m[K:
[01m[K/usr/include/boost/signals2/detail/lwm_pthreads.hpp:[m[K In constructor â€˜[01m[Kboost::signals2::mutex::mutex()[m[Kâ€™:
[01m[K/usr/include/boost/signals2/detail/lwm_pthreads.hpp:49:9:[m[K [01;31m[Kerror: [m[Kâ€˜[01m[K__assert_fail[m[Kâ€™ was not declared in this scope
   49 |         [01;31m[KBOOST_VERIFY[m[K(pthread_mutex_init(&m_, 0) == 0);
      |         [01;31m[K^~~~~~~~~~~~[m[K
[01m[K/usr/include/boost/signals2/detail/lwm_pthreads.hpp:[m[K In destructor â€˜[01m[Kboost::signals2::mutex::~mutex()[m[Kâ€™:
[01m[K/usr/include/boost/signals2/detail/lwm_pthreads.hpp:55:9:[m[K [01;31m[Kerror: [m[Kâ€˜[01m[K__assert_fail[m[Kâ€™ was not declared in this scope
   55 |         [01;31m[KBOOST_VERIFY[m[K(pthread_mutex_destroy(&m_) == 0);
      |         [01;31m[K^~~~~~~~~~~~[m[K
[01m[K/usr/include/boost/signals2/detail/lwm_pthreads.hpp:[m[K In member function â€˜[01m[Kvoid boost::signals2::mutex::lock()[m[Kâ€™:
[01m[K/usr/include/boost/signals2/detail/lwm_pthreads.hpp:60:9:[m[K [01;31m[Kerror: [m[Kâ€˜[01m[K__assert_fail[m[Kâ€™ was not declared in this scope
   60 |         [01;31m[KBOOST_VERIFY[m[K(pthread_mutex_lock(&m_) == 0);
      |         [01;31m[K^~~~~~~~~~~~[m[K
[01m[K/usr/include/boost/signals2/detail/lwm_pthreads.hpp:[m[K In member function â€˜[01m[Kvoid boost::signals2::mutex::unlock()[m[Kâ€™:
[01m[K/usr/include/boost/signals2/detail/lwm_pthreads.hpp:70:9:[m[K [01;31m[Kerror: [m[Kâ€˜[01m[K__assert_fail[m[Kâ€™ was not declared in this scope
   70 |         [01;31m[KBOOST_VERIFY[m[K(pthread_mutex_unlock(&m_) == 0);
      |         [01;31m[K^~~~~~~~~~~~[m[K
In file included from [01m[K/usr/include/boost/assert.hpp:58[m[K,
                 from [01m[K/usr/include/boost/thread/pthread/condition_variable_fwd.hpp:9[m[K,
                 from [01m[K/usr/include/boost/thread/pthread/thread_data.hpp:14[m[K,
                 from [01m[K/usr/include/boost/thread/pthread/condition_variable.hpp:15[m[K,
                 from [01m[K/usr/include/boost/thread/condition_variable.hpp:16[m[K,
                 from [01m[K/opt/ros/noetic/include/ros/callback_queue.h:43[m[K,
                 from [01m[K/opt/ros/noetic/include/tf2_ros/transform_listener.h:38[m[K,
                 from [01m[K/home/sitl1/sitl_ws/src/fiducials/aruco_detect/src/aruco_detect.cpp:45[m[K:
[01m[K/usr/include/boost/thread/pthread/condition_variable_fwd.hpp:[m[K In constructor â€˜[01m[Kboost::condition_variable::condition_variable()[m[Kâ€™:
[01m[K/usr/include/boost/thread/pthread/condition_variable_fwd.hpp:72:17:[m[K [01;31m[Kerror: [m[Kâ€˜[01m[K__assert_fail[m[Kâ€™ was not declared in this scope
   72 |                 [01;31m[KBOOST_VERIFY[m[K(!posix::pthread_mutex_destroy(&internal_mutex));
      |                 [01;31m[K^~~~~~~~~~~~[m[K
[01m[K/usr/include/boost/thread/pthread/condition_variable_fwd.hpp:[m[K In destructor â€˜[01m[Kboost::condition_variable::~condition_variable()[m[Kâ€™:
[01m[K/usr/include/boost/thread/pthread/condition_variable_fwd.hpp:81:13:[m[K [01;31m[Kerror: [m[Kâ€˜[01m[K__assert_fail[m[Kâ€™ was not declared in this scope
   81 |             [01;31m[KBOOST_VERIFY[m[K(!posix::pthread_mutex_destroy(&internal_mutex));
      |             [01;31m[K^~~~~~~~~~~~[m[K
In file included from [01m[K/usr/include/boost/assert.hpp:58[m[K,
                 from [01m[K/usr/include/boost/thread/pthread/thread_data.hpp:19[m[K,
                 from [01m[K/usr/include/boost/thread/pthread/condition_variable.hpp:15[m[K,
                 from [01m[K/usr/include/boost/thread/condition_variable.hpp:16[m[K,
                 from [01m[K/opt/ros/noetic/include/ros/callback_queue.h:43[m[K,
                 from [01m[K/opt/ros/noetic/include/tf2_ros/transform_listener.h:38[m[K,
                 from [01m[K/home/sitl1/sitl_ws/src/fiducials/aruco_detect/src/aruco_detect.cpp:45[m[K:
[01m[K/usr/include/boost/thread/pthread/thread_data.hpp:[m[K In constructor â€˜[01m[Kboost::thread_attributes::thread_attributes()[m[Kâ€™:
[01m[K/usr/include/boost/thread/pthread/thread_data.hpp:46:13:[m[K [01;31m[Kerror: [m[Kâ€˜[01m[K__assert_fail[m[Kâ€™ was not declared in this scope
   46 |             [01;31m[KBOOST_VERIFY[m[K(!res && "pthread_attr_init failed");
      |             [01;31m[K^~~~~~~~~~~~[m[K
[01m[K/usr/include/boost/thread/pthread/thread_data.hpp:[m[K In destructor â€˜[01m[Kboost::thread_attributes::~thread_attributes()[m[Kâ€™:
[01m[K/usr/include/boost/thread/pthread/thread_data.hpp:50:11:[m[K [01;31m[Kerror: [m[Kâ€˜[01m[K__assert_fail[m[Kâ€™ was not declared in this scope
   50 |           [01;31m[KBOOST_VERIFY[m[K(!res && "pthread_attr_destroy failed");
      |           [01;31m[K^~~~~~~~~~~~[m[K
[01m[K/usr/include/boost/thread/pthread/thread_data.hpp:[m[K In member function â€˜[01m[Kvoid boost::thread_attributes::set_stack_size(std::size_t)[m[Kâ€™:
[01m[K/usr/include/boost/thread/pthread/thread_data.hpp:65:11:[m[K [01;31m[Kerror: [m[Kâ€˜[01m[K__assert_fail[m[Kâ€™ was not declared in this scope
   65 |           [01;31m[KBOOST_VERIFY[m[K(!res && "pthread_attr_setstacksize failed");
      |           [01;31m[K^~~~~~~~~~~~[m[K
[01m[K/usr/include/boost/thread/pthread/thread_data.hpp:[m[K In member function â€˜[01m[Kstd::size_t boost::thread_attributes::get_stack_size() const[m[Kâ€™:
[01m[K/usr/include/boost/thread/pthread/thread_data.hpp:71:13:[m[K [01;31m[Kerror: [m[Kâ€˜[01m[K__assert_fail[m[Kâ€™ was not declared in this scope
   71 |             [01;31m[KBOOST_VERIFY[m[K(!res && "pthread_attr_getstacksize failed");
      |             [01;31m[K^~~~~~~~~~~~[m[K
[01m[K/usr/include/boost/thread/pthread/thread_data.hpp:[m[K In constructor â€˜[01m[Kboost::detail::interruption_checker::interruption_checker(pthread_mutex_t*, pthread_cond_t*)[m[Kâ€™:
[01m[K/usr/include/boost/thread/pthread/thread_data.hpp:216:21:[m[K [01;31m[Kerror: [m[Kâ€˜[01m[K__assert_fail[m[Kâ€™ was not declared in this scope
  216 |                     [01;31m[KBOOST_VERIFY[m[K(!posix::pthread_mutex_lock(m));
      |                     [01;31m[K^~~~~~~~~~~~[m[K
[01m[K/usr/include/boost/thread/pthread/thread_data.hpp:220:21:[m[K [01;31m[Kerror: [m[Kâ€˜[01m[K__assert_fail[m[Kâ€™ was not declared in this scope
  220 |                     [01;31m[KBOOST_VERIFY[m[K(!posix::pthread_mutex_lock(m));
      |                     [01;31m[K^~~~~~~~~~~~[m[K
[01m[K/usr/include/boost/thread/pthread/thread_data.hpp:[m[K In member function â€˜[01m[Kvoid boost::detail::interruption_checker::unlock_if_locked()[m[Kâ€™:
[01m[K/usr/include/boost/thread/pthread/thread_data.hpp:228:21:[m[K [01;31m[Kerror: [m[Kâ€˜[01m[K__assert_fail[m[Kâ€™ was not declared in this scope
  228 |                     [01;31m[KBOOST_VERIFY[m[K(!posix::pthread_mutex_unlock(m));
      |                     [01;31m[K^~~~~~~~~~~~[m[K
[01m[K/usr/include/boost/thread/pthread/thread_data.hpp:235:21:[m[K [01;31m[Kerror: [m[Kâ€˜[01m[K__assert_fail[m[Kâ€™ was not declared in this scope
  235 |                     [01;31m[KBOOST_VERIFY[m[K(!posix::pthread_mutex_unlock(m));
      |                     [01;31m[K^~~~~~~~~~~~[m[K
[01m[K/usr/include/boost/thread/pthread/condition_variable.hpp:[m[K In member function â€˜[01m[Kvoid boost::condition_variable::notify_one()[m[Kâ€™:
[01m[K/usr/include/boost/thread/pthread/condition_variable.hpp:149:9:[m[K [01;31m[Kerror: [m[Kâ€˜[01m[K__assert_fail[m[Kâ€™ was not declared in this scope
  149 |         [01;31m[KBOOST_VERIFY[m[K(!posix::pthread_cond_signal(&cond));
      |         [01;31m[K^~~~~~~~~~~~[m[K
[01m[K/usr/include/boost/thread/pthread/condition_variable.hpp:[m[K In member function â€˜[01m[Kvoid boost::condition_variable::notify_all()[m[Kâ€™:
[01m[K/usr/include/boost/thread/pthread/condition_variable.hpp:157:9:[m[K [01;31m[Kerror: [m[Kâ€˜[01m[K__assert_fail[m[Kâ€™ was not declared in this scope
  157 |         [01;31m[KBOOST_VERIFY[m[K(!posix::pthread_cond_broadcast(&cond));
      |         [01;31m[K^~~~~~~~~~~~[m[K
[01m[K/usr/include/boost/thread/pthread/condition_variable.hpp:[m[K In constructor â€˜[01m[Kboost::condition_variable_any::condition_variable_any()[m[Kâ€™:
[01m[K/usr/include/boost/thread/pthread/condition_variable.hpp:177:17:[m[K [01;31m[Kerror: [m[Kâ€˜[01m[K__assert_fail[m[Kâ€™ was not declared in this scope
  177 |                 [01;31m[KBOOST_VERIFY[m[K(!posix::pthread_mutex_destroy(&internal_mutex));
      |                 [01;31m[K^~~~~~~~~~~~[m[K
[01m[K/usr/include/boost/thread/pthread/condition_variable.hpp:[m[K In destructor â€˜[01m[Kboost::condition_variable_any::~condition_variable_any()[m[Kâ€™:
[01m[K/usr/include/boost/thread/pthread/condition_variable.hpp:183:13:[m[K [01;31m[Kerror: [m[Kâ€˜[01m[K__assert_fail[m[Kâ€™ was not declared in this scope
  183 |             [01;31m[KBOOST_VERIFY[m[K(!posix::pthread_mutex_destroy(&internal_mutex));
      |             [01;31m[K^~~~~~~~~~~~[m[K
[01m[K/usr/include/boost/thread/pthread/condition_variable.hpp:[m[K In member function â€˜[01m[Kvoid boost::condition_variable_any::notify_one()[m[Kâ€™:
[01m[K/usr/include/boost/thread/pthread/condition_variable.hpp:441:13:[m[K [01;31m[Kerror: [m[Kâ€˜[01m[K__assert_fail[m[Kâ€™ was not declared in this scope
  441 |             [01;31m[KBOOST_VERIFY[m[K(!posix::pthread_cond_signal(&cond));
      |             [01;31m[K^~~~~~~~~~~~[m[K
[01m[K/usr/include/boost/thread/pthread/condition_variable.hpp:[m[K In member function â€˜[01m[Kvoid boost::condition_variable_any::notify_all()[m[Kâ€™:
[01m[K/usr/include/boost/thread/pthread/condition_variable.hpp:447:13:[m[K [01;31m[Kerror: [m[Kâ€˜[01m[K__assert_fail[m[Kâ€™ was not declared in this scope
  447 |             [01;31m[KBOOST_VERIFY[m[K(!posix::pthread_cond_broadcast(&cond));
      |             [01;31m[K^~~~~~~~~~~~[m[K
In file included from [01m[K/usr/include/boost/assert.hpp:58[m[K,
                 from [01m[K/usr/include/boost/thread/pthread/shared_mutex.hpp:11[m[K,
                 from [01m[K/usr/include/boost/thread/shared_mutex.hpp:28[m[K,
                 from [01m[K/opt/ros/noetic/include/ros/callback_queue.h:45[m[K,
                 from [01m[K/opt/ros/noetic/include/tf2_ros/transform_listener.h:38[m[K,
                 from [01m[K/home/sitl1/sitl_ws/src/fiducials/aruco_detect/src/aruco_detect.cpp:45[m[K:
[01m[K/usr/include/boost/thread/pthread/shared_mutex.hpp:[m[K In member function â€˜[01m[Kvoid boost::shared_mutex::state_data::assert_free() const[m[Kâ€™:
[01m[K/usr/include/boost/thread/pthread/shared_mutex.hpp:44:17:[m[K [01;31m[Kerror: [m[Kâ€˜[01m[K__assert_fail[m[Kâ€™ was not declared in this scope; did you mean â€˜[01m[Kassert_free[m[Kâ€™?
   44 |                 [01;31m[KBOOST_ASSERT[m[K( ! exclusive );
      |                 [01;31m[K^~~~~~~~~~~~[m[K
[01m[K/usr/include/boost/thread/pthread/shared_mutex.hpp:[m[K In member function â€˜[01m[Kvoid boost::shared_mutex::state_data::assert_locked() const[m[Kâ€™:
[01m[K/usr/include/boost/thread/pthread/shared_mutex.hpp:51:17:[m[K [01;31m[Kerror: [m[Kâ€˜[01m[K__assert_fail[m[Kâ€™ was not declared in this scope; did you mean â€˜[01m[Kassert_free[m[Kâ€™?
   51 |                 [01;31m[KBOOST_ASSERT[m[K( exclusive );
      |                 [01;31m[K^~~~~~~~~~~~[m[K
[01m[K/usr/include/boost/thread/pthread/shared_mutex.hpp:[m[K In member function â€˜[01m[Kvoid boost::shared_mutex::state_data::assert_lock_shared() const[m[Kâ€™:
[01m[K/usr/include/boost/thread/pthread/shared_mutex.hpp:58:17:[m[K [01;31m[Kerror: [m[Kâ€˜[01m[K__assert_fail[m[Kâ€™ was not declared in this scope; did you mean â€˜[01m[Kassert_free[m[Kâ€™?
   58 |                 [01;31m[KBOOST_ASSERT[m[K( ! exclusive );
      |                 [01;31m[K^~~~~~~~~~~~[m[K
[01m[K/usr/include/boost/thread/pthread/shared_mutex.hpp:[m[K In member function â€˜[01m[Kvoid boost::shared_mutex::state_data::assert_lock_upgraded() const[m[Kâ€™:
[01m[K/usr/include/boost/thread/pthread/shared_mutex.hpp:67:17:[m[K [01;31m[Kerror: [m[Kâ€˜[01m[K__assert_fail[m[Kâ€™ was not declared in this scope; did you mean â€˜[01m[Kassert_free[m[Kâ€™?
   67 |                 [01;31m[KBOOST_ASSERT[m[K( ! exclusive );
      |                 [01;31m[K^~~~~~~~~~~~[m[K
[01m[K/usr/include/boost/thread/pthread/shared_mutex.hpp:[m[K In member function â€˜[01m[Kvoid boost::shared_mutex::state_data::assert_lock_not_upgraded() const[m[Kâ€™:
[01m[K/usr/include/boost/thread/pthread/shared_mutex.hpp:74:17:[m[K [01;31m[Kerror: [m[Kâ€˜[01m[K__assert_fail[m[Kâ€™ was not declared in this scope; did you mean â€˜[01m[Kassert_free[m[Kâ€™?
   74 |                 [01;31m[KBOOST_ASSERT[m[K(  ! upgrade );
      |                 [01;31m[K^~~~~~~~~~~~[m[K
In file included from [01m[K/usr/include/boost/assert.hpp:58[m[K,
                 from [01m[K/usr/include/boost/atomic/detail/atomic_flag.hpp:17[m[K,
                 from [01m[K/usr/include/boost/atomic/atomic_flag.hpp:21[m[K,
                 from [01m[K/usr/include/boost/atomic/atomic.hpp:21[m[K,
                 from [01m[K/usr/include/boost/atomic.hpp:12[m[K,
                 from [01m[K/usr/include/boost/thread/pthread/once_atomic.hpp:20[m[K,
                 from [01m[K/usr/include/boost/thread/once.hpp:26[m[K,
                 from [01m[K/usr/include/boost/thread.hpp:17[m[K,
                 from [01m[K/opt/ros/noetic/include/tf2_ros/transform_listener.h:42[m[K,
                 from [01m[K/home/sitl1/sitl_ws/src/fiducials/aruco_detect/src/aruco_detect.cpp:45[m[K:
[01m[K/usr/include/boost/atomic/detail/atomic_flag.hpp:[m[K In member function â€˜[01m[Kvoid boost::atomics::atomic_flag::clear(boost::memory_order) volatile[m[Kâ€™:
[01m[K/usr/include/boost/atomic/detail/atomic_flag.hpp:58:9:[m[K [01;31m[Kerror: [m[Kâ€˜[01m[K__assert_fail[m[Kâ€™ was not declared in this scope
   58 |         [01;31m[KBOOST_ASSERT[m[K(order != memory_order_consume);
      |         [01;31m[K^~~~~~~~~~~~[m[K
In file included from [01m[K/usr/include/boost/assert.hpp:58[m[K,
                 from [01m[K/usr/include/boost/atomic/detail/atomic_template.hpp:21[m[K,
                 from [01m[K/usr/include/boost/atomic/atomic.hpp:22[m[K,
                 from [01m[K/usr/include/boost/atomic.hpp:12[m[K,
                 from [01m[K/usr/include/boost/thread/pthread/once_atomic.hpp:20[m[K,
                 from [01m[K/usr/include/boost/thread/once.hpp:26[m[K,
                 from [01m[K/usr/include/boost/thread.hpp:17[m[K,
                 from [01m[K/opt/ros/noetic/include/tf2_ros/transform_listener.h:42[m[K,
                 from [01m[K/home/sitl1/sitl_ws/src/fiducials/aruco_detect/src/aruco_detect.cpp:45[m[K:
[01m[K/usr/include/boost/atomic/detail/atomic_template.hpp:[m[K In member function â€˜[01m[Kvoid boost::atomics::detail::base_atomic<bool, int>::store(boost::atomics::detail::base_atomic<bool, int>::value_arg_type, boost::memory_order) volatile[m[Kâ€™:
[01m[K/usr/include/boost/atomic/detail/atomic_template.hpp:650:9:[m[K [01;31m[Kerror: [m[Kâ€˜[01m[K__assert_fail[m[Kâ€™ was not declared in this scope
  650 |         [01;31m[KBOOST_ASSERT[m[K(order != memory_order_consume);
      |         [01;31m[K^~~~~~~~~~~~[m[K
[01m[K/usr/include/boost/atomic/detail/atomic_template.hpp:[m[K In member function â€˜[01m[Kboost::atomics::detail::base_atomic<bool, int>::value_type boost::atomics::detail::base_atomic<bool, int>::load(boost::memory_order) const volatile[m[Kâ€™:
[01m[K/usr/include/boost/atomic/detail/atomic_template.hpp:659:9:[m[K [01;31m[Kerror: [m[Kâ€˜[01m[K__assert_fail[m[Kâ€™ was not declared in this scope
  659 |         [01;31m[KBOOST_ASSERT[m[K(order != memory_order_release);
      |         [01;31m[K^~~~~~~~~~~~[m[K
[01m[K/usr/include/boost/atomic/detail/atomic_template.hpp:[m[K In member function â€˜[01m[Kbool boost::atomics::detail::base_atomic<bool, int>::compare_exchange_strong(boost::atomics::detail::base_atomic<bool, int>::value_type&, boost::atomics::detail::base_atomic<bool, int>::value_arg_type, boost::memory_order, boost::memory_order) volatile[m[Kâ€™:
[01m[K/usr/include/boost/atomic/detail/atomic_template.hpp:672:9:[m[K [01;31m[Kerror: [m[Kâ€˜[01m[K__assert_fail[m[Kâ€™ was not declared in this scope
  672 |         [01;31m[KBOOST_ASSERT[m[K(failure_order != memory_order_release);
      |         [01;31m[K^~~~~~~~~~~~[m[K
[01m[K/usr/include/boost/atomic/detail/atomic_template.hpp:[m[K In member function â€˜[01m[Kbool boost::atomics::detail::base_atomic<bool, int>::compare_exchange_weak(boost::atomics::detail::base_atomic<bool, int>::value_type&, boost::atomics::detail::base_atomic<bool, int>::value_arg_type, boost::memory_order, boost::memory_order) volatile[m[Kâ€™:
[01m[K/usr/include/boost/atomic/detail/atomic_template.hpp:686:9:[m[K [01;31m[Kerror: [m[Kâ€˜[01m[K__assert_fail[m[Kâ€™ was not declared in this scope
  686 |         [01;31m[KBOOST_ASSERT[m[K(failure_order != memory_order_release);
      |         [01;31m[K^~~~~~~~~~~~[m[K
In file included from [01m[K/usr/include/boost/assert.hpp:58[m[K,
                 from [01m[K/usr/include/boost/thread/pthread/recursive_mutex.hpp:16[m[K,
                 from [01m[K/usr/include/boost/thread/recursive_mutex.hpp:16[m[K,
                 from [01m[K/usr/include/boost/thread.hpp:18[m[K,
                 from [01m[K/opt/ros/noetic/include/tf2_ros/transform_listener.h:42[m[K,
                 from [01m[K/home/sitl1/sitl_ws/src/fiducials/aruco_detect/src/aruco_detect.cpp:45[m[K:
[01m[K/usr/include/boost/thread/pthread/recursive_mutex.hpp:[m[K In constructor â€˜[01m[Kboost::recursive_mutex::recursive_mutex()[m[Kâ€™:
[01m[K/usr/include/boost/thread/pthread/recursive_mutex.hpp:70:17:[m[K [01;31m[Kerror: [m[Kâ€˜[01m[K__assert_fail[m[Kâ€™ was not declared in this scope
   70 |                 [01;31m[KBOOST_VERIFY[m[K(!pthread_mutexattr_destroy(&attr));
      |                 [01;31m[K^~~~~~~~~~~~[m[K
[01m[K/usr/include/boost/thread/pthread/recursive_mutex.hpp:77:17:[m[K [01;31m[Kerror: [m[Kâ€˜[01m[K__assert_fail[m[Kâ€™ was not declared in this scope
   77 |                 [01;31m[KBOOST_VERIFY[m[K(!pthread_mutexattr_destroy(&attr));
      |                 [01;31m[K^~~~~~~~~~~~[m[K
[01m[K/usr/include/boost/thread/pthread/recursive_mutex.hpp:80:13:[m[K [01;31m[Kerror: [m[Kâ€˜[01m[K__assert_fail[m[Kâ€™ was not declared in this scope
   80 |             [01;31m[KBOOST_VERIFY[m[K(!pthread_mutexattr_destroy(&attr));
      |             [01;31m[K^~~~~~~~~~~~[m[K
[01m[K/usr/include/boost/thread/pthread/recursive_mutex.hpp:[m[K In destructor â€˜[01m[Kboost::recursive_mutex::~recursive_mutex()[m[Kâ€™:
[01m[K/usr/include/boost/thread/pthread/recursive_mutex.hpp:99:13:[m[K [01;31m[Kerror: [m[Kâ€˜[01m[K__assert_fail[m[Kâ€™ was not declared in this scope
   99 |             [01;31m[KBOOST_VERIFY[m[K(!posix::pthread_mutex_destroy(&m));
      |             [01;31m[K^~~~~~~~~~~~[m[K
[01m[K/usr/include/boost/thread/pthread/recursive_mutex.hpp:[m[K In member function â€˜[01m[Kvoid boost::recursive_mutex::lock()[m[Kâ€™:
[01m[K/usr/include/boost/thread/pthread/recursive_mutex.hpp:108:13:[m[K [01;31m[Kerror: [m[Kâ€˜[01m[K__assert_fail[m[Kâ€™ was not declared in this scope
  108 |             [01;31m[KBOOST_VERIFY[m[K(!posix::pthread_mutex_lock(&m));
      |             [01;31m[K^~~~~~~~~~~~[m[K
[01m[K/usr/include/boost/thread/pthread/recursive_mutex.hpp:[m[K In member function â€˜[01m[Kvoid boost::recursive_mutex::unlock()[m[Kâ€™:
[01m[K/usr/include/boost/thread/pthread/recursive_mutex.hpp:113:13:[m[K [01;31m[Kerror: [m[Kâ€˜[01m[K__assert_fail[m[Kâ€™ was not declared in this scope
  113 |             [01;31m[KBOOST_VERIFY[m[K(!posix::pthread_mutex_unlock(&m));
      |             [01;31m[K^~~~~~~~~~~~[m[K
[01m[K/usr/include/boost/thread/pthread/recursive_mutex.hpp:[m[K In member function â€˜[01m[Kbool boost::recursive_mutex::try_lock()[m[Kâ€™:
[01m[K/usr/include/boost/thread/pthread/recursive_mutex.hpp:119:13:[m[K [01;31m[Kerror: [m[Kâ€˜[01m[K__assert_fail[m[Kâ€™ was not declared in this scope
  119 |             [01;31m[KBOOST_ASSERT[m[K(!res || res==EBUSY);
      |             [01;31m[K^~~~~~~~~~~~[m[K
[01m[K/usr/include/boost/thread/pthread/recursive_mutex.hpp:[m[K In constructor â€˜[01m[Kboost::recursive_timed_mutex::recursive_timed_mutex()[m[Kâ€™:
[01m[K/usr/include/boost/thread/pthread/recursive_mutex.hpp:225:17:[m[K [01;31m[Kerror: [m[Kâ€˜[01m[K__assert_fail[m[Kâ€™ was not declared in this scope
  225 |                 [01;31m[KBOOST_VERIFY[m[K(!posix::pthread_mutex_destroy(&m));
      |                 [01;31m[K^~~~~~~~~~~~[m[K
[01m[K/usr/include/boost/thread/pthread/recursive_mutex.hpp:[m[K In destructor â€˜[01m[Kboost::recursive_timed_mutex::~recursive_timed_mutex()[m[Kâ€™:
[01m[K/usr/include/boost/thread/pthread/recursive_mutex.hpp:234:13:[m[K [01;31m[Kerror: [m[Kâ€˜[01m[K__assert_fail[m[Kâ€™ was not declared in this scope
  234 |             [01;31m[KBOOST_VERIFY[m[K(!posix::pthread_mutex_destroy(&m));
      |             [01;31m[K^~~~~~~~~~~~[m[K
[01m[K/usr/include/boost/thread/pthread/recursive_mutex.hpp:[m[K In member function â€˜[01m[Kvoid boost::recursive_timed_mutex::lock()[m[Kâ€™:
[01m[K/usr/include/boost/thread/pthread/recursive_mutex.hpp:309:17:[m[K [01;31m[Kerror: [m[Kâ€˜[01m[K__assert_fail[m[Kâ€™ was not declared in this scope
  309 |                 [01;31m[KBOOST_VERIFY[m[K(!posix::pthread_cond_wait(&cond,&m));
      |                 [01;31m[K^~~~~~~~~~~~[m[K
[01m[K/usr/include/boost/thread/pthread/recursive_mutex.hpp:[m[K In member function â€˜[01m[Kvoid boost::recursive_timed_mutex::unlock()[m[Kâ€™:
[01m[K/usr/include/boost/thread/pthread/recursive_mutex.hpp:323:13:[m[K [01;31m[Kerror: [m[Kâ€˜[01m[K__assert_fail[m[Kâ€™ was not declared in this scope
  323 |             [01;31m[KBOOST_VERIFY[m[K(!posix::pthread_cond_signal(&cond));
      |             [01;31m[K^~~~~~~~~~~~[m[K
[01m[K/usr/include/boost/thread/pthread/recursive_mutex.hpp:[m[K In member function â€˜[01m[Kbool boost::recursive_timed_mutex::do_try_lock_until(const internal_platform_timepoint&)[m[Kâ€™:
[01m[K/usr/include/boost/thread/pthread/recursive_mutex.hpp:355:17:[m[K [01;31m[Kerror: [m[Kâ€˜[01m[K__assert_fail[m[Kâ€™ was not declared in this scope
  355 |                 [01;31m[KBOOST_ASSERT[m[K(!cond_res);
      |                 [01;31m[K^~~~~~~~~~~~[m[K
[01m[K/usr/include/boost/thread/barrier.hpp:[m[K In member function â€˜[01m[Kbool boost::barrier::wait()[m[Kâ€™:
[01m[K/usr/include/boost/thread/barrier.hpp:227:9:[m[K [01;31m[Kerror: [m[Kâ€˜[01m[K__assert_fail[m[Kâ€™ was not declared in this scope
  227 |         [01;31m[KBOOST_ASSERT[m[K(m_count != 0);
      |         [01;31m[K^~~~~~~~~~~~[m[K
In file included from [01m[K/usr/include/boost/assert.hpp:58[m[K,
                 from [01m[K/usr/include/boost/exception/to_string_stub.hpp:11[m[K,
                 from [01m[K/usr/include/boost/exception/info.hpp:11[m[K,
                 from [01m[K/usr/include/boost/exception/detail/exception_ptr.hpp:14[m[K,
                 from [01m[K/usr/include/boost/exception_ptr.hpp:9[m[K,
                 from [01m[K/usr/include/boost/thread/exceptional_ptr.hpp:10[m[K,
                 from [01m[K/usr/include/boost/thread/future.hpp:34[m[K,
                 from [01m[K/usr/include/boost/thread.hpp:24[m[K,
                 from [01m[K/opt/ros/noetic/include/tf2_ros/transform_listener.h:42[m[K,
                 from [01m[K/home/sitl1/sitl_ws/src/fiducials/aruco_detect/src/aruco_detect.cpp:45[m[K:
[01m[K/usr/include/boost/exception/info.hpp:[m[K In member function â€˜[01m[Kvirtual void boost::exception_detail::error_info_container_impl::set(const boost::shared_ptr<boost::exception_detail::error_info_base>&, const boost::exception_detail::type_info_&)[m[Kâ€™:
[01m[K/usr/include/boost/exception/info.hpp:72:17:[m[K [01;31m[Kerror: [m[Kâ€˜[01m[K__assert_fail[m[Kâ€™ was not declared in this scope
   72 |                 [01;31m[KBOOST_ASSERT[m[K(x);
      |                 [01;31m[K^~~~~~~~~~~~[m[K
[01m[K/usr/include/boost/exception/info.hpp:[m[K In member function â€˜[01m[Kvirtual boost::shared_ptr<boost::exception_detail::error_info_base> boost::exception_detail::error_info_container_impl::get(const boost::exception_detail::type_info_&) const[m[Kâ€™:
[01m[K/usr/include/boost/exception/info.hpp:85:21:[m[K [01;31m[Kerror: [m[Kâ€˜[01m[K__assert_fail[m[Kâ€™ was not declared in this scope
   85 |                     [01;31m[KBOOST_ASSERT[m[K( *BOOST_EXCEPTION_DYNAMIC_TYPEID(*p).type_==*ti.type_ );
      |                     [01;31m[K^~~~~~~~~~~~[m[K
In file included from [01m[K/usr/include/boost/assert.hpp:58[m[K,
                 from [01m[K/usr/include/boost/exception/get_error_info.hpp:14[m[K,
                 from [01m[K/usr/include/boost/exception/diagnostic_information.hpp:10[m[K,
                 from [01m[K/usr/include/boost/exception/detail/exception_ptr.hpp:15[m[K,
                 from [01m[K/usr/include/boost/exception_ptr.hpp:9[m[K,
                 from [01m[K/usr/include/boost/thread/exceptional_ptr.hpp:10[m[K,
                 from [01m[K/usr/include/boost/thread/future.hpp:34[m[K,
                 from [01m[K/usr/include/boost/thread.hpp:24[m[K,
                 from [01m[K/opt/ros/noetic/include/tf2_ros/transform_listener.h:42[m[K,
                 from [01m[K/home/sitl1/sitl_ws/src/fiducials/aruco_detect/src/aruco_detect.cpp:45[m[K:
[01m[K/usr/include/boost/exception/diagnostic_information.hpp:[m[K In function â€˜[01m[Kconst char* boost::exception_detail::get_diagnostic_information(const boost::exception&, const char*)[m[Kâ€™:
[01m[K/usr/include/boost/exception/diagnostic_information.hpp:104:17:[m[K [01;31m[Kerror: [m[Kâ€˜[01m[K__assert_fail[m[Kâ€™ was not declared in this scope
  104 |                 [01;31m[KBOOST_ASSERT[m[K(di!=0);
      |                 [01;31m[K^~~~~~~~~~~~[m[K
[01m[K/usr/include/boost/exception/detail/exception_ptr.hpp:[m[K In function â€˜[01m[Kboost::exception_ptr boost::exception_detail::current_exception_impl()[m[Kâ€™:
[01m[K/usr/include/boost/exception/detail/exception_ptr.hpp:313:21:[m[K [01;31m[Kerror: [m[Kâ€˜[01m[K__assert_fail[m[Kâ€™ was not declared in this scope
  313 |                     [01;31m[KBOOST_ASSERT[m[K(e!=0);
      |                     [01;31m[K^~~~~~~~~~~~[m[K
[01m[K/usr/include/boost/exception/detail/exception_ptr.hpp:319:21:[m[K [01;31m[Kerror: [m[Kâ€˜[01m[K__assert_fail[m[Kâ€™ was not declared in this scope
  319 |                     [01;31m[KBOOST_ASSERT[m[K(!e);
      |                     [01;31m[K^~~~~~~~~~~~[m[K
[01m[K/usr/include/boost/exception/detail/exception_ptr.hpp:325:21:[m[K [01;31m[Kerror: [m[Kâ€˜[01m[K__assert_fail[m[Kâ€™ was not declared in this scope
  325 |                     [01;31m[KBOOST_ASSERT[m[K(!e);
      |                     [01;31m[K^~~~~~~~~~~~[m[K
[01m[K/usr/include/boost/exception/detail/exception_ptr.hpp:329:21:[m[K [01;31m[Kerror: [m[Kâ€˜[01m[K__assert_fail[m[Kâ€™ was not declared in this scope
  329 |                     [01;31m[KBOOST_ASSERT[m[K(0);
      |                     [01;31m[K^~~~~~~~~~~~[m[K
[01m[K/usr/include/boost/exception/detail/exception_ptr.hpp:[m[K In function â€˜[01m[Kboost::exception_ptr boost::current_exception()[m[Kâ€™:
[01m[K/usr/include/boost/exception/detail/exception_ptr.hpp:454:9:[m[K [01;31m[Kerror: [m[Kâ€˜[01m[K__assert_fail[m[Kâ€™ was not declared in this scope
  454 |         [01;31m[KBOOST_ASSERT[m[K(ret);
      |         [01;31m[K^~~~~~~~~~~~[m[K
[01m[K/usr/include/boost/exception/detail/exception_ptr.hpp:[m[K In function â€˜[01m[Kvoid boost::rethrow_exception(const boost::exception_ptr&)[m[Kâ€™:
[01m[K/usr/include/boost/exception/detail/exception_ptr.hpp:463:9:[m[K [01;31m[Kerror: [m[Kâ€˜[01m[K__assert_fail[m[Kâ€™ was not declared in this scope
  463 |         [01;31m[KBOOST_ASSERT[m[K(p);
      |         [01;31m[K^~~~~~~~~~~~[m[K
In file included from [01m[K/usr/include/c++/9/cassert:44[m[K,
                 from [01m[K/usr/include/kdl/utilities/utility.h:28[m[K,
                 from [01m[K/usr/include/kdl/frames.hpp:129[m[K,
                 from [01m[K/opt/ros/noetic/include/tf2_geometry_msgs/tf2_geometry_msgs.h:47[m[K,
                 from [01m[K/home/sitl1/sitl_ws/src/fiducials/aruco_detect/src/aruco_detect.cpp:46[m[K:
[01m[K/usr/include/kdl/frames.inl:[m[K In member function â€˜[01m[Kdouble KDL::Vector::operator()(int) const[m[Kâ€™:
[01m[K/usr/include/kdl/frames.inl:144:5:[m[K [01;31m[Kerror: [m[Kâ€˜[01m[K__assert_fail[m[Kâ€™ was not declared in this scope
  144 |     [01;31m[KFRAMES_CHECKI[m[K((0<=index)&&(index<=2));
      |     [01;31m[K^~~~~~~~~~~~~[m[K
[01m[K/usr/include/kdl/frames.inl:[m[K In member function â€˜[01m[Kdouble& KDL::Vector::operator()(int)[m[Kâ€™:
[01m[K/usr/include/kdl/frames.inl:150:5:[m[K [01;31m[Kerror: [m[Kâ€˜[01m[K__assert_fail[m[Kâ€™ was not declared in this scope
  150 |     [01;31m[KFRAMES_CHECKI[m[K((0<=index)&&(index<=2));
      |     [01;31m[K^~~~~~~~~~~~~[m[K
[01m[K/usr/include/kdl/frames.inl:[m[K In member function â€˜[01m[Kdouble& KDL::Rotation::operator()(int, int)[m[Kâ€™:
[01m[K/usr/include/kdl/frames.inl:489:5:[m[K [01;31m[Kerror: [m[Kâ€˜[01m[K__assert_fail[m[Kâ€™ was not declared in this scope
  489 |     [01;31m[KFRAMES_CHECKI[m[K((0<=i)&&(i<=2)&&(0<=j)&&(j<=2));
      |     [01;31m[K^~~~~~~~~~~~~[m[K
[01m[K/usr/include/kdl/frames.inl:[m[K In member function â€˜[01m[Kdouble KDL::Rotation::operator()(int, int) const[m[Kâ€™:
[01m[K/usr/include/kdl/frames.inl:494:5:[m[K [01;31m[Kerror: [m[Kâ€˜[01m[K__assert_fail[m[Kâ€™ was not declared in this scope
  494 |     [01;31m[KFRAMES_CHECKI[m[K((0<=i)&&(i<=2)&&(0<=j)&&(j<=2));
      |     [01;31m[K^~~~~~~~~~~~~[m[K
[01m[K/usr/include/kdl/frames.inl:[m[K In member function â€˜[01m[Kdouble KDL::Frame::operator()(int, int)[m[Kâ€™:
[01m[K/usr/include/kdl/frames.inl:663:5:[m[K [01;31m[Kerror: [m[Kâ€˜[01m[K__assert_fail[m[Kâ€™ was not declared in this scope
  663 |     [01;31m[KFRAMES_CHECKI[m[K((0<=i)&&(i<=3)&&(0<=j)&&(j<=3));
      |     [01;31m[K^~~~~~~~~~~~~[m[K
[01m[K/usr/include/kdl/frames.inl:[m[K In member function â€˜[01m[Kdouble KDL::Frame::operator()(int, int) const[m[Kâ€™:
[01m[K/usr/include/kdl/frames.inl:679:5:[m[K [01;31m[Kerror: [m[Kâ€˜[01m[K__assert_fail[m[Kâ€™ was not declared in this scope
  679 |     [01;31m[KFRAMES_CHECKI[m[K((0<=i)&&(i<=3)&&(0<=j)&&(j<=3));
      |     [01;31m[K^~~~~~~~~~~~~[m[K
[01m[K/usr/include/kdl/frames.inl:[m[K In member function â€˜[01m[Kdouble KDL::Vector2::operator()(int) const[m[Kâ€™:
[01m[K/usr/include/kdl/frames.inl:784:5:[m[K [01;31m[Kerror: [m[Kâ€˜[01m[K__assert_fail[m[Kâ€™ was not declared in this scope
  784 |     [01;31m[KFRAMES_CHECKI[m[K((0<=index)&&(index<=1));
      |     [01;31m[K^~~~~~~~~~~~~[m[K
[01m[K/usr/include/kdl/frames.inl:[m[K In member function â€˜[01m[Kdouble& KDL::Vector2::operator()(int)[m[Kâ€™:
[01m[K/usr/include/kdl/frames.inl:790:5:[m[K [01;31m[Kerror: [m[Kâ€˜[01m[K__assert_fail[m[Kâ€™ was not declared in this scope
  790 |     [01;31m[KFRAMES_CHECKI[m[K((0<=index)&&(index<=1));
      |     [01;31m[K^~~~~~~~~~~~~[m[K
[01m[K/usr/include/kdl/frames.inl:[m[K In member function â€˜[01m[Kdouble KDL::Rotation2::operator()(int, int) const[m[Kâ€™:
[01m[K/usr/include/kdl/frames.inl:854:5:[m[K [01;31m[Kerror: [m[Kâ€˜[01m[K__assert_fail[m[Kâ€™ was not declared in this scope
  854 |     [01;31m[KFRAMES_CHECKI[m[K((0<=i)&&(i<=1)&&(0<=j)&&(j<=1));
      |     [01;31m[K^~~~~~~~~~~~~[m[K
[01m[K/usr/include/kdl/frames.inl:[m[K In member function â€˜[01m[Kdouble KDL::Frame2::operator()(int, int)[m[Kâ€™:
[01m[K/usr/include/kdl/frames.inl:972:5:[m[K [01;31m[Kerror: [m[Kâ€˜[01m[K__assert_fail[m[Kâ€™ was not declared in this scope
  972 |     [01;31m[KFRAMES_CHECKI[m[K((0<=i)&&(i<=2)&&(0<=j)&&(j<=2));
      |     [01;31m[K^~~~~~~~~~~~~[m[K
[01m[K/usr/include/kdl/frames.inl:[m[K In member function â€˜[01m[Kdouble KDL::Frame2::operator()(int, int) const[m[Kâ€™:
[01m[K/usr/include/kdl/frames.inl:988:5:[m[K [01;31m[Kerror: [m[Kâ€˜[01m[K__assert_fail[m[Kâ€™ was not declared in this scope
  988 |     [01;31m[KFRAMES_CHECKI[m[K((0<=i)&&(i<=2)&&(0<=j)&&(j<=2));
      |     [01;31m[K^~~~~~~~~~~~~[m[K
In file included from [01m[K/usr/include/opencv4/opencv2/core/types_c.h:87[m[K,
                 from [01m[K/usr/include/opencv4/opencv2/core/core_c.h:48[m[K,
                 from [01m[K/usr/include/opencv4/opencv2/imgproc/types_c.h:46[m[K,
                 from [01m[K/opt/ros/noetic/include/cv_bridge/cv_bridge.h:45[m[K,
                 from [01m[K/home/sitl1/sitl_ws/src/fiducials/aruco_detect/src/aruco_detect.cpp:49[m[K:
[01m[K/usr/include/opencv4/opencv2/core/types_c.h:[m[K In function â€˜[01m[KCvMat cvMat(int, int, int, void*)[m[Kâ€™:
[01m[K/usr/include/opencv4/opencv2/core/types_c.h:551:5:[m[K [01;31m[Kerror: [m[Kâ€˜[01m[K__assert_fail[m[Kâ€™ was not declared in this scope
  551 |     [01;31m[Kassert[m[K( (unsigned)CV_MAT_DEPTH(type) <= CV_64F );
      |     [01;31m[K^~~~~~[m[K
[01m[K/usr/include/opencv4/opencv2/core/types_c.h:[m[K In function â€˜[01m[Kdouble cvmGet(const CvMat*, int, int)[m[Kâ€™:
[01m[K/usr/include/opencv4/opencv2/core/types_c.h:620:5:[m[K [01;31m[Kerror: [m[Kâ€˜[01m[K__assert_fail[m[Kâ€™ was not declared in this scope
  620 |     [01;31m[Kassert[m[K( (unsigned)row < (unsigned)mat->rows &&
      |     [01;31m[K^~~~~~[m[K
[01m[K/usr/include/opencv4/opencv2/core/types_c.h:[m[K In function â€˜[01m[Kvoid cvmSet(CvMat*, int, int, double)[m[Kâ€™:
[01m[K/usr/include/opencv4/opencv2/core/types_c.h:646:5:[m[K [01;31m[Kerror: [m[Kâ€˜[01m[K__assert_fail[m[Kâ€™ was not declared in this scope
  646 |     [01;31m[Kassert[m[K( (unsigned)row < (unsigned)mat->rows &&
      |     [01;31m[K^~~~~~[m[K
[01m[K/usr/include/opencv4/opencv2/core/core_c.h:[m[K In function â€˜[01m[Kvoid cvSetRemoveByPtr(CvSet*, void*)[m[Kâ€™:
[01m[K/usr/include/opencv4/opencv2/core/core_c.h:1755:5:[m[K [01;31m[Kerror: [m[Kâ€˜[01m[K__assert_fail[m[Kâ€™ was not declared in this scope
 1755 |     [01;31m[Kassert[m[K( _elem->flags >= 0 /*&& (elem->flags & CV_SET_ELEM_IDX_MASK) < set_header->total*/ );
      |     [01;31m[K^~~~~~[m[K
[01m[K/home/sitl1/sitl_ws/src/fiducials/aruco_detect/src/aruco_detect.cpp:[m[K In constructor â€˜[01m[KFiducialsNode::FiducialsNode()[m[Kâ€™:
[01m[K/home/sitl1/sitl_ws/src/fiducials/aruco_detect/src/aruco_detect.cpp:283:35:[m[K [01;31m[Kerror: [m[Kinvalid cast from type â€˜[01m[Kstd::string[m[Kâ€™ {aka â€˜[01m[Kstd::__cxx11::basic_string<char>[m[Kâ€™} to type â€˜[01m[Kcv::aruco::PREDEFINED_DICTIONARY_NAME[m[Kâ€™
  283 |                       dictionaryId[01;31m[K)[m[K);
      |                                   [01;31m[K^[m[K
[01m[K/home/sitl1/sitl_ws/src/fiducials/aruco_detect/src/aruco_detect.cpp:[m[K At global scope:
[01m[K/home/sitl1/sitl_ws/src/fiducials/aruco_detect/src/aruco_detect.cpp:496:36:[m[K [01;31m[Kerror: [m[Kvariable or field â€˜[01m[KconfigCallback[m[Kâ€™ declared void
  496 | void FiducialsNode::configCallback([01;31m[Kfiducials[m[K::FiducialsConfig &config, uint32_t level) {
      |                                    [01;31m[K^~~~~~~~~[m[K
[01m[K/home/sitl1/sitl_ws/src/fiducials/aruco_detect/src/aruco_detect.cpp:496:36:[m[K [01;31m[Kerror: [m[Kâ€˜[01m[Kfiducials[m[Kâ€™ has not been declared
[01m[K/home/sitl1/sitl_ws/src/fiducials/aruco_detect/src/aruco_detect.cpp:496:64:[m[K [01;31m[Kerror: [m[Kâ€˜[01m[Kconfig[m[Kâ€™ was not declared in this scope
  496 | void FiducialsNode::configCallback(fiducials::FiducialsConfig &[01;31m[Kconfig[m[K, uint32_t level) {
      |                                                                [01;31m[K^~~~~~[m[K
[01m[K/home/sitl1/sitl_ws/src/fiducials/aruco_detect/src/aruco_detect.cpp:496:81:[m[K [01;31m[Kerror: [m[Kexpected primary-expression before â€˜[01m[Klevel[m[Kâ€™
  496 | void FiducialsNode::configCallback(fiducials::FiducialsConfig &config, uint32_t [01;31m[Klevel[m[K) {
      |                                                                                 [01;31m[K^~~~~[m[K
[01m[K/home/sitl1/sitl_ws/src/fiducials/aruco_detect/src/aruco_detect.cpp:522:1:[m[K [01;31m[Kerror: [m[Kexpected declaration before â€˜[01m[K}[m[Kâ€™ token
  522 | [01;31m[K}[m[K // namespace fiducials
      | [01;31m[K^[m[K
[01m[K/home/sitl1/sitl_ws/src/fiducials/aruco_detect/src/aruco_detect.cpp:[m[K In function â€˜[01m[Kint main(int, char**)[m[Kâ€™:
[01m[K/home/sitl1/sitl_ws/src/fiducials/aruco_detect/src/aruco_detect.cpp:526:5:[m[K [01;31m[Kerror: [m[Kâ€˜[01m[Kfiducials[m[Kâ€™ has not been declared
  526 |     [01;31m[Kfiducials[m[K::FiducialsNode node;
      |     [01;31m[K^~~~~~~~~[m[K
In file included from [01m[K/usr/include/boost/assert.hpp:58[m[K,
                 from [01m[K/usr/include/boost/smart_ptr/shared_ptr.hpp:25[m[K,
                 from [01m[K/usr/include/boost/shared_ptr.hpp:17[m[K,
                 from [01m[K/opt/ros/noetic/include/ros/forwards.h:37[m[K,
                 from [01m[K/opt/ros/noetic/include/ros/common.h:37[m[K,
                 from [01m[K/opt/ros/noetic/include/ros/ros.h:43[m[K,
                 from [01m[K/home/sitl1/sitl_ws/src/fiducials/aruco_detect/src/aruco_detect.cpp:40[m[K:
/usr/include/boost/smart_ptr/shared_ptr.hpp: In instantiation of â€˜[01m[Ktypename boost::detail::sp_member_access<T>::type boost::shared_ptr<T>::operator->() const [with T = ros::Publisher::Impl; typename boost::detail::sp_member_access<T>::type = ros::Publisher::Impl*][m[Kâ€™:
[01m[K/opt/ros/noetic/include/ros/publisher.h:156:52:[m[K   required from here
[01m[K/usr/include/boost/smart_ptr/shared_ptr.hpp:734:9:[m[K [01;31m[Kerror: [m[Kâ€˜[01m[K__assert_fail[m[Kâ€™ was not declared in this scope
  734 |         [01;31m[KBOOST_ASSERT[m[K( px != 0 );
      |         [01;31m[K^~~~~~~~~~~~[m[K
/usr/include/boost/smart_ptr/shared_ptr.hpp: In instantiation of â€˜[01m[Ktypename boost::detail::sp_member_access<T>::type boost::shared_ptr<T>::operator->() const [with T = ros::Subscriber::Impl; typename boost::detail::sp_member_access<T>::type = ros::Subscriber::Impl*][m[Kâ€™:
[01m[K/opt/ros/noetic/include/ros/subscriber.h:72:50:[m[K   required from here
[01m[K/usr/include/boost/smart_ptr/shared_ptr.hpp:734:9:[m[K [01;31m[Kerror: [m[Kâ€˜[01m[K__assert_fail[m[Kâ€™ was not declared in this scope
/usr/include/boost/smart_ptr/shared_ptr.hpp: In instantiation of â€˜[01m[Ktypename boost::detail::sp_member_access<T>::type boost::shared_ptr<T>::operator->() const [with T = ros::ServiceServer::Impl; typename boost::detail::sp_member_access<T>::type = ros::ServiceServer::Impl*][m[Kâ€™:
[01m[K/opt/ros/noetic/include/ros/service_server.h:66:50:[m[K   required from here
[01m[K/usr/include/boost/smart_ptr/shared_ptr.hpp:734:9:[m[K [01;31m[Kerror: [m[Kâ€˜[01m[K__assert_fail[m[Kâ€™ was not declared in this scope
/usr/include/boost/smart_ptr/shared_ptr.hpp: In instantiation of â€˜[01m[Ktypename boost::detail::sp_member_access<T>::type boost::shared_ptr<T>::operator->() const [with T = ros::Timer::Impl; typename boost::detail::sp_member_access<T>::type = ros::Timer::Impl*][m[Kâ€™:
[01m[K/opt/ros/noetic/include/ros/timer.h:75:50:[m[K   required from here
[01m[K/usr/include/boost/smart_ptr/shared_ptr.hpp:734:9:[m[K [01;31m[Kerror: [m[Kâ€˜[01m[K__assert_fail[m[Kâ€™ was not declared in this scope
/usr/include/boost/smart_ptr/shared_ptr.hpp: In instantiation of â€˜[01m[Ktypename boost::detail::sp_member_access<T>::type boost::shared_ptr<T>::operator->() const [with T = ros::WallTimer::Impl; typename boost::detail::sp_member_access<T>::type = ros::WallTimer::Impl*][m[Kâ€™:
[01m[K/opt/ros/noetic/include/ros/wall_timer.h:75:50:[m[K   required from here
[01m[K/usr/include/boost/smart_ptr/shared_ptr.hpp:734:9:[m[K [01;31m[Kerror: [m[Kâ€˜[01m[K__assert_fail[m[Kâ€™ was not declared in this scope
/usr/include/boost/smart_ptr/shared_ptr.hpp: In instantiation of â€˜[01m[Ktypename boost::detail::sp_member_access<T>::type boost::shared_ptr<T>::operator->() const [with T = ros::SteadyTimer::Impl; typename boost::detail::sp_member_access<T>::type = ros::SteadyTimer::Impl*][m[Kâ€™:
[01m[K/opt/ros/noetic/include/ros/steady_timer.h:75:50:[m[K   required from here
[01m[K/usr/include/boost/smart_ptr/shared_ptr.hpp:734:9:[m[K [01;31m[Kerror: [m[Kâ€˜[01m[K__assert_fail[m[Kâ€™ was not declared in this scope
In file included from [01m[K/usr/include/boost/assert.hpp:58[m[K,
                 from [01m[K/usr/include/boost/smart_ptr/scoped_ptr.hpp:14[m[K,
                 from [01m[K/usr/include/boost/scoped_ptr.hpp:13[m[K,
                 from [01m[K/usr/include/boost/signals2/detail/foreign_ptr.hpp:17[m[K,
                 from [01m[K/usr/include/boost/signals2/slot_base.hpp:17[m[K,
                 from [01m[K/usr/include/boost/signals2/detail/tracked_objects_visitor.hpp:18[m[K,
                 from [01m[K/usr/include/boost/signals2/slot.hpp:22[m[K,
                 from [01m[K/usr/include/boost/signals2/connection.hpp:24[m[K,
                 from [01m[K/usr/include/boost/signals2/signal.hpp:22[m[K,
                 from [01m[K/usr/include/boost/signals2.hpp:19[m[K,
                 from [01m[K/opt/ros/noetic/include/tf2/buffer_core.h:37[m[K,
                 from [01m[K/opt/ros/noetic/include/tf2_ros/buffer_interface.h:35[m[K,
                 from [01m[K/opt/ros/noetic/include/tf2_ros/buffer.h:35[m[K,
                 from [01m[K/home/sitl1/sitl_ws/src/fiducials/aruco_detect/src/aruco_detect.cpp:43[m[K:
/usr/include/boost/smart_ptr/scoped_ptr.hpp: In instantiation of â€˜[01m[KT* boost::scoped_ptr<T>::operator->() const [with T = boost::signals2::detail::foreign_weak_ptr_impl_base][m[Kâ€™:
[01m[K/usr/include/boost/signals2/detail/foreign_ptr.hpp:148:22:[m[K   required from here
[01m[K/usr/include/boost/smart_ptr/scoped_ptr.hpp:105:9:[m[K [01;31m[Kerror: [m[Kâ€˜[01m[K__assert_fail[m[Kâ€™ was not declared in this scope
  105 |         [01;31m[KBOOST_ASSERT[m[K( px != 0 );
      |         [01;31m[K^~~~~~~~~~~~[m[K
In file included from [01m[K/usr/include/boost/assert.hpp:58[m[K,
                 from [01m[K/usr/include/boost/smart_ptr/shared_ptr.hpp:25[m[K,
                 from [01m[K/usr/include/boost/shared_ptr.hpp:17[m[K,
                 from [01m[K/opt/ros/noetic/include/ros/forwards.h:37[m[K,
                 from [01m[K/opt/ros/noetic/include/ros/common.h:37[m[K,
                 from [01m[K/opt/ros/noetic/include/ros/ros.h:43[m[K,
                 from [01m[K/home/sitl1/sitl_ws/src/fiducials/aruco_detect/src/aruco_detect.cpp:40[m[K:
/usr/include/boost/smart_ptr/shared_ptr.hpp: In instantiation of â€˜[01m[Ktypename boost::detail::sp_member_access<T>::type boost::shared_ptr<T>::operator->() const [with T = boost::signals2::detail::connection_body_base; typename boost::detail::sp_member_access<T>::type = boost::signals2::detail::connection_body_base*][m[Kâ€™:
[01m[K/usr/include/boost/signals2/connection.hpp:269:23:[m[K   required from here
[01m[K/usr/include/boost/smart_ptr/shared_ptr.hpp:734:9:[m[K [01;31m[Kerror: [m[Kâ€˜[01m[K__assert_fail[m[Kâ€™ was not declared in this scope
  734 |         [01;31m[KBOOST_ASSERT[m[K( px != 0 );
      |         [01;31m[K^~~~~~~~~~~~[m[K
/usr/include/boost/smart_ptr/shared_ptr.hpp: In instantiation of â€˜[01m[Kvoid boost::shared_ptr<T>::reset(Y*) [with Y = int; T = void][m[Kâ€™:
[01m[K/usr/include/boost/signals2/shared_connection_block.hpp:39:46:[m[K   required from here
[01m[K/usr/include/boost/smart_ptr/shared_ptr.hpp:698:9:[m[K [01;31m[Kerror: [m[Kâ€˜[01m[K__assert_fail[m[Kâ€™ was not declared in this scope
  698 |         [01;31m[KBOOST_ASSERT[m[K( p == 0 || p != px ); // catch self-reset errors
      |         [01;31m[K^~~~~~~~~~~~[m[K
/usr/include/boost/smart_ptr/shared_ptr.hpp: In instantiation of â€˜[01m[Ktypename boost::detail::sp_dereference<T>::type boost::shared_ptr<T>::operator*() const [with T = boost::exception_detail::error_info_base; typename boost::detail::sp_dereference<T>::type = boost::exception_detail::error_info_base&][m[Kâ€™:
[01m[K/usr/include/boost/exception/info.hpp:85:21:[m[K   required from here
[01m[K/usr/include/boost/smart_ptr/shared_ptr.hpp:728:9:[m[K [01;31m[Kerror: [m[Kâ€˜[01m[K__assert_fail[m[Kâ€™ was not declared in this scope
  728 |         [01;31m[KBOOST_ASSERT[m[K( px != 0 );
      |         [01;31m[K^~~~~~~~~~~~[m[K
/usr/include/boost/smart_ptr/shared_ptr.hpp: In instantiation of â€˜[01m[Ktypename boost::detail::sp_member_access<T>::type boost::shared_ptr<T>::operator->() const [with T = boost::exception_detail::error_info_base; typename boost::detail::sp_member_access<T>::type = boost::exception_detail::error_info_base*][m[Kâ€™:
[01m[K/usr/include/boost/exception/info.hpp:147:61:[m[K   required from here
[01m[K/usr/include/boost/smart_ptr/shared_ptr.hpp:734:9:[m[K [01;31m[Kerror: [m[Kâ€˜[01m[K__assert_fail[m[Kâ€™ was not declared in this scope
  734 |         [01;31m[KBOOST_ASSERT[m[K( px != 0 );
      |         [01;31m[K^~~~~~~~~~~~[m[K
/usr/include/boost/smart_ptr/shared_ptr.hpp: In instantiation of â€˜[01m[Ktypename boost::detail::sp_member_access<T>::type boost::shared_ptr<T>::operator->() const [with T = const boost::exception_detail::clone_base; typename boost::detail::sp_member_access<T>::type = const boost::exception_detail::clone_base*][m[Kâ€™:
[01m[K/usr/include/boost/exception/detail/exception_ptr.hpp:464:15:[m[K   required from here
[01m[K/usr/include/boost/smart_ptr/shared_ptr.hpp:734:9:[m[K [01;31m[Kerror: [m[Kâ€˜[01m[K__assert_fail[m[Kâ€™ was not declared in this scope
In file included from [01m[K/usr/include/boost/assert.hpp:58[m[K,
                 from [01m[K/usr/include/boost/smart_ptr/enable_shared_from_this.hpp:19[m[K,
                 from [01m[K/usr/include/boost/enable_shared_from_this.hpp:16[m[K,
                 from [01m[K/usr/include/boost/thread/pthread/thread_data.hpp:18[m[K,
                 from [01m[K/usr/include/boost/thread/pthread/condition_variable.hpp:15[m[K,
                 from [01m[K/usr/include/boost/thread/condition_variable.hpp:16[m[K,
                 from [01m[K/opt/ros/noetic/include/ros/callback_queue.h:43[m[K,
                 from [01m[K/opt/ros/noetic/include/tf2_ros/transform_listener.h:38[m[K,
                 from [01m[K/home/sitl1/sitl_ws/src/fiducials/aruco_detect/src/aruco_detect.cpp:45[m[K:
/usr/include/boost/smart_ptr/enable_shared_from_this.hpp: In instantiation of â€˜[01m[Kboost::shared_ptr<X> boost::enable_shared_from_this<T>::shared_from_this() [with T = boost::detail::shared_state_base][m[Kâ€™:
[01m[K/usr/include/boost/thread/future.hpp:485:66:[m[K   required from here
[01m[K/usr/include/boost/smart_ptr/enable_shared_from_this.hpp:51:9:[m[K [01;31m[Kerror: [m[Kâ€˜[01m[K__assert_fail[m[Kâ€™ was not declared in this scope
   51 |         [01;31m[KBOOST_ASSERT[m[K( p.get() == this );
      |         [01;31m[K^~~~~~~~~~~~[m[K
In file included from [01m[K/usr/include/boost/assert.hpp:58[m[K,
                 from [01m[K/usr/include/boost/smart_ptr/scoped_array.hpp:14[m[K,
                 from [01m[K/usr/include/boost/scoped_array.hpp:13[m[K,
                 from [01m[K/usr/include/boost/thread/futures/wait_for_any.hpp:21[m[K,
                 from [01m[K/usr/include/boost/thread/future.hpp:41[m[K,
                 from [01m[K/usr/include/boost/thread.hpp:24[m[K,
                 from [01m[K/opt/ros/noetic/include/tf2_ros/transform_listener.h:42[m[K,
                 from [01m[K/home/sitl1/sitl_ws/src/fiducials/aruco_detect/src/aruco_detect.cpp:45[m[K:
/usr/include/boost/smart_ptr/scoped_array.hpp: In instantiation of â€˜[01m[KT& boost::scoped_array<T>::operator[](std::ptrdiff_t) const [with T = boost::unique_lock<boost::mutex>; std::ptrdiff_t = long int][m[Kâ€™:
[01m[K/usr/include/boost/thread/future.hpp:1154:32:[m[K   required from here
[01m[K/usr/include/boost/smart_ptr/scoped_array.hpp:80:9:[m[K [01;31m[Kerror: [m[Kâ€˜[01m[K__assert_fail[m[Kâ€™ was not declared in this scope
   80 |         [01;31m[KBOOST_ASSERT[m[K( px != 0 );
      |         [01;31m[K^~~~~~~~~~~~[m[K
[01m[K/usr/include/boost/smart_ptr/scoped_array.hpp:81:9:[m[K [01;31m[Kerror: [m[Kâ€˜[01m[K__assert_fail[m[Kâ€™ was not declared in this scope, and no declarations were found by argument-dependent lookup at the point of instantiation [[01;31m[K-fpermissive[m[K]
   81 |         [01;31m[KBOOST_ASSERT[m[K( i >= 0 );
      |         [01;31m[K^~~~~~~~~~~~[m[K
In file included from [01m[K/usr/include/boost/assert.hpp:58[m[K,
                 from [01m[K/usr/include/boost/smart_ptr/shared_ptr.hpp:25[m[K,
                 from [01m[K/usr/include/boost/shared_ptr.hpp:17[m[K,
                 from [01m[K/opt/ros/noetic/include/ros/forwards.h:37[m[K,
                 from [01m[K/opt/ros/noetic/include/ros/common.h:37[m[K,
                 from [01m[K/opt/ros/noetic/include/ros/ros.h:43[m[K,
                 from [01m[K/home/sitl1/sitl_ws/src/fiducials/aruco_detect/src/aruco_detect.cpp:40[m[K:
/usr/include/boost/smart_ptr/shared_ptr.hpp: In instantiation of â€˜[01m[Ktypename boost::detail::sp_member_access<T>::type boost::shared_ptr<T>::operator->() const [with T = boost::detail::shared_state_base; typename boost::detail::sp_member_access<T>::type = boost::detail::shared_state_base*][m[Kâ€™:
[01m[K/usr/include/boost/thread/future.hpp:1154:34:[m[K   required from here
[01m[K/usr/include/boost/smart_ptr/shared_ptr.hpp:734:9:[m[K [01;31m[Kerror: [m[Kâ€˜[01m[K__assert_fail[m[Kâ€™ was not declared in this scope
  734 |         [01;31m[KBOOST_ASSERT[m[K( px != 0 );
      |         [01;31m[K^~~~~~~~~~~~[m[K
/usr/include/boost/smart_ptr/shared_ptr.hpp: In instantiation of â€˜[01m[Ktypename boost::detail::sp_member_access<T>::type boost::shared_ptr<T>::operator->() const [with T = boost::detail::shared_state<void>; typename boost::detail::sp_member_access<T>::type = boost::detail::shared_state<void>*][m[Kâ€™:
[01m[K/usr/include/boost/thread/future.hpp:2785:62:[m[K   required from here
[01m[K/usr/include/boost/smart_ptr/shared_ptr.hpp:734:9:[m[K [01;31m[Kerror: [m[Kâ€˜[01m[K__assert_fail[m[Kâ€™ was not declared in this scope
In file included from [01m[K/usr/include/boost/assert.hpp:58[m[K,
                 from [01m[K/usr/include/boost/array.hpp:45[m[K,
                 from [01m[K/opt/ros/noetic/include/ros/message.h:38[m[K,
                 from [01m[K/opt/ros/noetic/include/ros/publisher.h:33[m[K,
                 from [01m[K/opt/ros/noetic/include/ros/node_handle.h:32[m[K,
                 from [01m[K/opt/ros/noetic/include/ros/ros.h:45[m[K,
                 from [01m[K/home/sitl1/sitl_ws/src/fiducials/aruco_detect/src/aruco_detect.cpp:40[m[K:
/usr/include/boost/array.hpp: In instantiation of â€˜[01m[Kconst T& boost::array<T, N>::operator[](boost::array<T, N>::size_type) const [with T = double; long unsigned int N = 36; boost::array<T, N>::const_reference = const double&; boost::array<T, N>::size_type = long unsigned int][m[Kâ€™:
[01m[K/opt/ros/noetic/include/tf2_geometry_msgs/tf2_geometry_msgs.h:840:39:[m[K   required from here
[01m[K/usr/include/boost/array.hpp:123:20:[m[K [01;31m[Kerror: [m[Kâ€˜[01m[K__assert_fail[m[Kâ€™ was not declared in this scope
  123 |             return [01;31m[KBOOST_ASSERT_MSG[m[K( i < N, "out of range" ), elems[i];
      |                    [01;31m[K^~~~~~~~~~~~~~~~[m[K
/usr/include/boost/array.hpp: In instantiation of â€˜[01m[KT& boost::array<T, N>::operator[](boost::array<T, N>::size_type) [with T = double; long unsigned int N = 36; boost::array<T, N>::reference = double&; boost::array<T, N>::size_type = long unsigned int][m[Kâ€™:
[01m[K/opt/ros/noetic/include/tf2_geometry_msgs/tf2_geometry_msgs.h:861:11:[m[K   required from here
[01m[K/usr/include/boost/array.hpp:118:20:[m[K [01;31m[Kerror: [m[Kâ€˜[01m[K__assert_fail[m[Kâ€™ was not declared in this scope
  118 |             return [01;31m[KBOOST_ASSERT_MSG[m[K( i < N, "out of range" ), elems[i];
      |                    [01;31m[K^~~~~~~~~~~~~~~~[m[K
In file included from [01m[K/usr/include/boost/assert.hpp:58[m[K,
                 from [01m[K/usr/include/boost/smart_ptr/shared_ptr.hpp:25[m[K,
                 from [01m[K/usr/include/boost/shared_ptr.hpp:17[m[K,
                 from [01m[K/opt/ros/noetic/include/ros/forwards.h:37[m[K,
                 from [01m[K/opt/ros/noetic/include/ros/common.h:37[m[K,
                 from [01m[K/opt/ros/noetic/include/ros/ros.h:43[m[K,
                 from [01m[K/home/sitl1/sitl_ws/src/fiducials/aruco_detect/src/aruco_detect.cpp:40[m[K:
/usr/include/boost/smart_ptr/shared_ptr.hpp: In instantiation of â€˜[01m[Ktypename boost::detail::sp_dereference<T>::type boost::shared_ptr<T>::operator*() const [with T = const aruco_detect::DetectorParamsConfig::AbstractParamDescription; typename boost::detail::sp_dereference<T>::type = const aruco_detect::DetectorParamsConfig::AbstractParamDescription&][m[Kâ€™:
[01m[K/home/sitl1/sitl_ws/devel/.private/aruco_detect/include/aruco_detect/DetectorParamsConfig.h:143:72:[m[K   required from here
[01m[K/usr/include/boost/smart_ptr/shared_ptr.hpp:728:9:[m[K [01;31m[Kerror: [m[Kâ€˜[01m[K__assert_fail[m[Kâ€™ was not declared in this scope
  728 |         [01;31m[KBOOST_ASSERT[m[K( px != 0 );
      |         [01;31m[K^~~~~~~~~~~~[m[K
/usr/include/boost/smart_ptr/shared_ptr.hpp: In instantiation of â€˜[01m[Ktypename boost::detail::sp_member_access<T>::type boost::shared_ptr<T>::operator->() const [with T = const aruco_detect::DetectorParamsConfig::AbstractParamDescription; typename boost::detail::sp_member_access<T>::type = const aruco_detect::DetectorParamsConfig::AbstractParamDescription*][m[Kâ€™:
[01m[K/home/sitl1/sitl_ws/devel/.private/aruco_detect/include/aruco_detect/DetectorParamsConfig.h:240:14:[m[K   required from here
[01m[K/usr/include/boost/smart_ptr/shared_ptr.hpp:734:9:[m[K [01;31m[Kerror: [m[Kâ€˜[01m[K__assert_fail[m[Kâ€™ was not declared in this scope
  734 |         [01;31m[KBOOST_ASSERT[m[K( px != 0 );
      |         [01;31m[K^~~~~~~~~~~~[m[K
/usr/include/boost/smart_ptr/shared_ptr.hpp: In instantiation of â€˜[01m[Ktypename boost::detail::sp_member_access<T>::type boost::shared_ptr<T>::operator->() const [with T = const aruco_detect::DetectorParamsConfig::AbstractGroupDescription; typename boost::detail::sp_member_access<T>::type = const aruco_detect::DetectorParamsConfig::AbstractGroupDescription*][m[Kâ€™:
[01m[K/home/sitl1/sitl_ws/devel/.private/aruco_detect/include/aruco_detect/DetectorParamsConfig.h:352:17:[m[K   required from here
[01m[K/usr/include/boost/smart_ptr/shared_ptr.hpp:734:9:[m[K [01;31m[Kerror: [m[Kâ€˜[01m[K__assert_fail[m[Kâ€™ was not declared in this scope
/usr/include/boost/smart_ptr/shared_ptr.hpp: In instantiation of â€˜[01m[Ktypename boost::detail::sp_dereference<T>::type boost::shared_ptr<T>::operator*() const [with T = const aruco_detect::DetectorParamsConfig::AbstractGroupDescription; typename boost::detail::sp_dereference<T>::type = const aruco_detect::DetectorParamsConfig::AbstractGroupDescription&][m[Kâ€™:
[01m[K/home/sitl1/sitl_ws/devel/.private/aruco_detect/include/aruco_detect/DetectorParamsConfig.h:694:52:[m[K   required from here
[01m[K/usr/include/boost/smart_ptr/shared_ptr.hpp:728:9:[m[K [01;31m[Kerror: [m[Kâ€˜[01m[K__assert_fail[m[Kâ€™ was not declared in this scope
  728 |         [01;31m[KBOOST_ASSERT[m[K( px != 0 );
      |         [01;31m[K^~~~~~~~~~~~[m[K
/usr/include/boost/smart_ptr/shared_ptr.hpp: In instantiation of â€˜[01m[Ktypename boost::detail::sp_member_access<T>::type boost::shared_ptr<T>::operator->() const [with T = const sensor_msgs::CameraInfo_<std::allocator<void> >; typename boost::detail::sp_member_access<T>::type = const sensor_msgs::CameraInfo_<std::allocator<void> >*][m[Kâ€™:
[01m[K/home/sitl1/sitl_ws/src/fiducials/aruco_detect/src/aruco_detect.cpp:310:12:[m[K   required from here
[01m[K/usr/include/boost/smart_ptr/shared_ptr.hpp:734:9:[m[K [01;31m[Kerror: [m[Kâ€˜[01m[K__assert_fail[m[Kâ€™ was not declared in this scope
  734 |         [01;31m[KBOOST_ASSERT[m[K( px != 0 );
      |         [01;31m[K^~~~~~~~~~~~[m[K
In file included from [01m[K/usr/include/boost/assert.hpp:58[m[K,
                 from [01m[K/usr/include/boost/array.hpp:45[m[K,
                 from [01m[K/opt/ros/noetic/include/ros/message.h:38[m[K,
                 from [01m[K/opt/ros/noetic/include/ros/publisher.h:33[m[K,
                 from [01m[K/opt/ros/noetic/include/ros/node_handle.h:32[m[K,
                 from [01m[K/opt/ros/noetic/include/ros/ros.h:45[m[K,
                 from [01m[K/home/sitl1/sitl_ws/src/fiducials/aruco_detect/src/aruco_detect.cpp:40[m[K:
/usr/include/boost/array.hpp: In instantiation of â€˜[01m[Kconst T& boost::array<T, N>::operator[](boost::array<T, N>::size_type) const [with T = double; long unsigned int N = 9; boost::array<T, N>::const_reference = const double&; boost::array<T, N>::size_type = long unsigned int][m[Kâ€™:
[01m[K/home/sitl1/sitl_ws/src/fiducials/aruco_detect/src/aruco_detect.cpp:310:17:[m[K   required from here
[01m[K/usr/include/boost/array.hpp:123:20:[m[K [01;31m[Kerror: [m[Kâ€˜[01m[K__assert_fail[m[Kâ€™ was not declared in this scope
  123 |             return [01;31m[KBOOST_ASSERT_MSG[m[K( i < N, "out of range" ), elems[i];
      |                    [01;31m[K^~~~~~~~~~~~~~~~[m[K
In file included from [01m[K/usr/include/boost/assert.hpp:58[m[K,
                 from [01m[K/usr/include/boost/smart_ptr/shared_ptr.hpp:25[m[K,
                 from [01m[K/usr/include/boost/shared_ptr.hpp:17[m[K,
                 from [01m[K/opt/ros/noetic/include/ros/forwards.h:37[m[K,
                 from [01m[K/opt/ros/noetic/include/ros/common.h:37[m[K,
                 from [01m[K/opt/ros/noetic/include/ros/ros.h:43[m[K,
                 from [01m[K/home/sitl1/sitl_ws/src/fiducials/aruco_detect/src/aruco_detect.cpp:40[m[K:
/usr/include/boost/smart_ptr/shared_ptr.hpp: In instantiation of â€˜[01m[Ktypename boost::detail::sp_member_access<T>::type boost::shared_ptr<T>::operator->() const [with T = cv_bridge::CvImage; typename boost::detail::sp_member_access<T>::type = cv_bridge::CvImage*][m[Kâ€™:
[01m[K/home/sitl1/sitl_ws/src/fiducials/aruco_detect/src/aruco_detect.cpp:342:27:[m[K   required from here
[01m[K/usr/include/boost/smart_ptr/shared_ptr.hpp:734:9:[m[K [01;31m[Kerror: [m[Kâ€˜[01m[K__assert_fail[m[Kâ€™ was not declared in this scope
  734 |         [01;31m[KBOOST_ASSERT[m[K( px != 0 );
      |         [01;31m[K^~~~~~~~~~~~[m[K
/usr/include/boost/smart_ptr/shared_ptr.hpp: In instantiation of â€˜[01m[Ktypename boost::detail::sp_member_access<T>::type boost::shared_ptr<T>::operator->() const [with T = const sensor_msgs::Image_<std::allocator<void> >; typename boost::detail::sp_member_access<T>::type = const sensor_msgs::Image_<std::allocator<void> >*][m[Kâ€™:
[01m[K/home/sitl1/sitl_ws/src/fiducials/aruco_detect/src/aruco_detect.cpp:355:39:[m[K   required from here
[01m[K/usr/include/boost/smart_ptr/shared_ptr.hpp:734:9:[m[K [01;31m[Kerror: [m[Kâ€˜[01m[K__assert_fail[m[Kâ€™ was not declared in this scope
/usr/include/boost/smart_ptr/shared_ptr.hpp: In instantiation of â€˜[01m[Ktypename boost::detail::sp_member_access<T>::type boost::shared_ptr<T>::operator->() const [with T = const fiducial_msgs::FiducialArray_<std::allocator<void> >; typename boost::detail::sp_member_access<T>::type = const fiducial_msgs::FiducialArray_<std::allocator<void> >*][m[Kâ€™:
[01m[K/home/sitl1/sitl_ws/src/fiducials/aruco_detect/src/aruco_detect.cpp:457:27:[m[K   required from here
[01m[K/usr/include/boost/smart_ptr/shared_ptr.hpp:734:9:[m[K [01;31m[Kerror: [m[Kâ€˜[01m[K__assert_fail[m[Kâ€™ was not declared in this scope
In file included from [01m[K/usr/include/boost/assert.hpp:58[m[K,
                 from [01m[K/usr/include/boost/signals2/detail/auto_buffer.hpp:20[m[K,
                 from [01m[K/usr/include/boost/signals2/connection.hpp:21[m[K,
                 from [01m[K/usr/include/boost/signals2/signal.hpp:22[m[K,
                 from [01m[K/usr/include/boost/signals2.hpp:19[m[K,
                 from [01m[K/opt/ros/noetic/include/tf2/buffer_core.h:37[m[K,
                 from [01m[K/opt/ros/noetic/include/tf2_ros/buffer_interface.h:35[m[K,
                 from [01m[K/opt/ros/noetic/include/tf2_ros/buffer.h:35[m[K,
                 from [01m[K/home/sitl1/sitl_ws/src/fiducials/aruco_detect/src/aruco_detect.cpp:43[m[K:
/usr/include/boost/signals2/detail/auto_buffer.hpp: In instantiation of â€˜[01m[Kboost::signals2::detail::auto_buffer<T, StackBufferPolicy, GrowPolicy, Allocator>::auto_buffer() [with T = boost::shared_ptr<void>; StackBufferPolicy = boost::signals2::detail::store_n_objects<10>; GrowPolicy = boost::signals2::detail::default_grow_policy; Allocator = std::allocator<boost::shared_ptr<void> >][m[Kâ€™:
[01m[K/usr/include/boost/signals2/connection.hpp:43:17:[m[K   required from â€˜[01m[Kboost::signals2::detail::garbage_collecting_lock<Mutex>::garbage_collecting_lock(Mutex&) [with Mutex = boost::signals2::detail::connection_body_base][m[Kâ€™
[01m[K/usr/include/boost/signals2/connection.hpp:67:73:[m[K   required from here
[01m[K/usr/include/boost/signals2/detail/auto_buffer.hpp:481:13:[m[K [01;31m[Kerror: [m[Kâ€˜[01m[K__assert_fail[m[Kâ€™ was not declared in this scope
  481 |             [01;31m[KBOOST_ASSERT[m[K( is_valid() );
      |             [01;31m[K^~~~~~~~~~~~[m[K
/usr/include/boost/signals2/detail/auto_buffer.hpp: In instantiation of â€˜[01m[Kvoid boost::signals2::detail::auto_buffer<T, StackBufferPolicy, GrowPolicy, Allocator>::auto_buffer_destroy() [with T = boost::shared_ptr<void>; StackBufferPolicy = boost::signals2::detail::store_n_objects<10>; GrowPolicy = boost::signals2::detail::default_grow_policy; Allocator = std::allocator<boost::shared_ptr<void> >][m[Kâ€™:
[01m[K/usr/include/boost/signals2/detail/auto_buffer.hpp:606:13:[m[K   required from â€˜[01m[Kboost::signals2::detail::auto_buffer<T, StackBufferPolicy, GrowPolicy, Allocator>::~auto_buffer() [with T = boost::shared_ptr<void>; StackBufferPolicy = boost::signals2::detail::store_n_objects<10>; GrowPolicy = boost::signals2::detail::default_grow_policy; Allocator = std::allocator<boost::shared_ptr<void> >][m[Kâ€™
[01m[K/usr/include/boost/signals2/connection.hpp:39:13:[m[K   required from here
[01m[K/usr/include/boost/signals2/detail/auto_buffer.hpp:253:13:[m[K [01;31m[Kerror: [m[Kâ€˜[01m[K__assert_fail[m[Kâ€™ was not declared in this scope
  253 |             [01;31m[KBOOST_ASSERT[m[K( is_valid() );
      |             [01;31m[K^~~~~~~~~~~~[m[K
In file included from [01m[K/usr/include/boost/assert.hpp:58[m[K,
                 from [01m[K/usr/include/boost/signals2/trackable.hpp:19[m[K,
                 from [01m[K/usr/include/boost/signals2/detail/tracked_objects_visitor.hpp:19[m[K,
                 from [01m[K/usr/include/boost/signals2/slot.hpp:22[m[K,
                 from [01m[K/usr/include/boost/signals2/connection.hpp:24[m[K,
                 from [01m[K/usr/include/boost/signals2/signal.hpp:22[m[K,
                 from [01m[K/usr/include/boost/signals2.hpp:19[m[K,
                 from [01m[K/opt/ros/noetic/include/tf2/buffer_core.h:37[m[K,
                 from [01m[K/opt/ros/noetic/include/tf2_ros/buffer_interface.h:35[m[K,
                 from [01m[K/opt/ros/noetic/include/tf2_ros/buffer.h:35[m[K,
                 from [01m[K/home/sitl1/sitl_ws/src/fiducials/aruco_detect/src/aruco_detect.cpp:43[m[K:
/usr/include/boost/signals2/connection.hpp: In instantiation of â€˜[01m[Kvoid boost::signals2::detail::connection_body_base::dec_slot_refcount(boost::signals2::detail::garbage_collecting_lock<Mutex>&) const [with Mutex = boost::signals2::detail::connection_body_base][m[Kâ€™:
[01m[K/usr/include/boost/signals2/connection.hpp:76:13:[m[K   required from â€˜[01m[Kvoid boost::signals2::detail::connection_body_base::nolock_disconnect(boost::signals2::detail::garbage_collecting_lock<Mutex>&) const [with Mutex = boost::signals2::detail::connection_body_base][m[Kâ€™
[01m[K/usr/include/boost/signals2/connection.hpp:68:39:[m[K   required from here
[01m[K/usr/include/boost/signals2/connection.hpp:123:11:[m[K [01;31m[Kerror: [m[Kâ€˜[01m[K__assert_fail[m[Kâ€™ was not declared in this scope
  123 |           [01;31m[KBOOST_ASSERT[m[K(m_slot_refcount != 0);
      |           [01;31m[K^~~~~~~~~~~~[m[K
In file included from [01m[K/usr/include/boost/assert.hpp:58[m[K,
                 from [01m[K/usr/include/boost/container_hash/detail/hash_float.hpp:19[m[K,
                 from [01m[K/usr/include/boost/container_hash/hash.hpp:21[m[K,
                 from [01m[K/usr/include/boost/functional/hash.hpp:6[m[K,
                 from [01m[K/usr/include/boost/unordered/unordered_map.hpp:18[m[K,
                 from [01m[K/usr/include/boost/unordered_map.hpp:17[m[K,
                 from [01m[K/opt/ros/noetic/include/tf2/buffer_core.h:49[m[K,
                 from [01m[K/opt/ros/noetic/include/tf2_ros/buffer_interface.h:35[m[K,
                 from [01m[K/opt/ros/noetic/include/tf2_ros/buffer.h:35[m[K,
                 from [01m[K/home/sitl1/sitl_ws/src/fiducials/aruco_detect/src/aruco_detect.cpp:43[m[K:
/usr/include/boost/container_hash/detail/hash_float.hpp: In instantiation of â€˜[01m[Kstd::size_t boost::hash_detail::float_hash_value(T) [with T = float; std::size_t = long unsigned int][m[Kâ€™:
[01m[K/usr/include/boost/container_hash/hash.hpp:503:52:[m[K   required from â€˜[01m[Ktypename boost::hash_detail::float_numbers<T>::type boost::hash_value(T) [with T = float; typename boost::hash_detail::float_numbers<T>::type = long unsigned int][m[Kâ€™
[01m[K/usr/include/boost/container_hash/hash.hpp:623:5:[m[K   required from here
[01m[K/usr/include/boost/container_hash/detail/hash_float.hpp:228:17:[m[K [01;31m[Kerror: [m[Kâ€˜[01m[K__assert_fail[m[Kâ€™ was not declared in this scope
  228 |                 [01;31m[KBOOST_ASSERT[m[K(0);
      |                 [01;31m[K^~~~~~~~~~~~[m[K
/usr/include/boost/container_hash/detail/hash_float.hpp: In instantiation of â€˜[01m[Kstd::size_t boost::hash_detail::float_hash_value(T) [with T = double; std::size_t = long unsigned int][m[Kâ€™:
[01m[K/usr/include/boost/container_hash/hash.hpp:503:52:[m[K   required from â€˜[01m[Ktypename boost::hash_detail::float_numbers<T>::type boost::hash_value(T) [with T = double; typename boost::hash_detail::float_numbers<T>::type = long unsigned int][m[Kâ€™
[01m[K/usr/include/boost/container_hash/hash.hpp:624:5:[m[K   required from here
[01m[K/usr/include/boost/container_hash/detail/hash_float.hpp:228:17:[m[K [01;31m[Kerror: [m[Kâ€˜[01m[K__assert_fail[m[Kâ€™ was not declared in this scope
/usr/include/boost/container_hash/detail/hash_float.hpp: In instantiation of â€˜[01m[Kstd::size_t boost::hash_detail::float_hash_value(T) [with T = long double; std::size_t = long unsigned int][m[Kâ€™:
[01m[K/usr/include/boost/container_hash/hash.hpp:503:52:[m[K   required from â€˜[01m[Ktypename boost::hash_detail::float_numbers<T>::type boost::hash_value(T) [with T = long double; typename boost::hash_detail::float_numbers<T>::type = long unsigned int][m[Kâ€™
[01m[K/usr/include/boost/container_hash/hash.hpp:625:5:[m[K   required from here
[01m[K/usr/include/boost/container_hash/detail/hash_float.hpp:228:17:[m[K [01;31m[Kerror: [m[Kâ€˜[01m[K__assert_fail[m[Kâ€™ was not declared in this scope
In file included from [01m[K/usr/include/boost/assert.hpp:58[m[K,
                 from [01m[K/usr/include/boost/variant/detail/forced_return.hpp:17[m[K,
                 from [01m[K/usr/include/boost/variant/variant.hpp:29[m[K,
                 from [01m[K/usr/include/boost/signals2/slot_base.hpp:22[m[K,
                 from [01m[K/usr/include/boost/signals2/detail/tracked_objects_visitor.hpp:18[m[K,
                 from [01m[K/usr/include/boost/signals2/slot.hpp:22[m[K,
                 from [01m[K/usr/include/boost/signals2/connection.hpp:24[m[K,
                 from [01m[K/usr/include/boost/signals2/signal.hpp:22[m[K,
                 from [01m[K/usr/include/boost/signals2.hpp:19[m[K,
                 from [01m[K/opt/ros/noetic/include/tf2/buffer_core.h:37[m[K,
                 from [01m[K/opt/ros/noetic/include/tf2_ros/buffer_interface.h:35[m[K,
                 from [01m[K/opt/ros/noetic/include/tf2_ros/buffer.h:35[m[K,
                 from [01m[K/home/sitl1/sitl_ws/src/fiducials/aruco_detect/src/aruco_detect.cpp:43[m[K:
/usr/include/boost/variant/detail/initializer.hpp: In instantiation of â€˜[01m[Kstatic int boost::detail::variant::make_initializer_node::apply<BaseIndexPair, Iterator>::initializer_node::initialize(void*, boost::detail::variant::make_initializer_node::apply<BaseIndexPair, Iterator>::initializer_node::param2_T) [with BaseIndexPair = boost::mpl::pair<boost::detail::variant::initializer_root, mpl_::int_<0> >; Iterator = boost::mpl::l_iter<boost::mpl::list2<boost::shared_ptr<void>, boost::signals2::detail::foreign_void_shared_ptr> >; boost::detail::variant::make_initializer_node::apply<BaseIndexPair, Iterator>::initializer_node::param2_T = boost::shared_ptr<void>&&][m[Kâ€™:
[01m[K/usr/include/boost/variant/variant.hpp:1578:38:[m[K   required from â€˜[01m[Ktypename boost::enable_if<boost::is_rvalue_reference<T&&> >::type boost::variant<T0, TN>::convert_construct(T&&, int, mpl_::false_) [with T = boost::shared_ptr<void>; T0_ = boost::shared_ptr<void>; TN = {boost::signals2::detail::foreign_void_shared_ptr}; typename boost::enable_if<boost::is_rvalue_reference<T&&> >::type = void; mpl_::false_ = mpl_::bool_<false>][m[Kâ€™
[01m[K/usr/include/boost/variant/variant.hpp:1749:9:[m[K   required from â€˜[01m[Kboost::variant<T0, TN>::variant(T&&, typename boost::enable_if<boost::mpl::or_<boost::mpl::and_<boost::is_rvalue_reference<T&&>, boost::mpl::not_<boost::is_const<FunctionObj> >, boost::mpl::not_<boost::is_same<T, boost::variant<T0, TN> > >, boost::detail::variant::is_variant_constructible_from<T&&, typename boost::mpl::transform<typename boost::mpl::eval_if<boost::variant<T0, TN>::is_recursive_, boost::mpl::transform<typename boost::mpl::eval_if<boost::variant<T0, TN>::is_sequence_based_, typename boost::mpl::eval_if<boost::variant<T0, TN>::is_recursive_, T0_, boost::mpl::identity<T> >::type, boost::detail::variant::make_variant_list<typename boost::mpl::eval_if<boost::variant<T0, TN>::is_recursive_, T0_, boost::mpl::identity<T> >::type, TN ...> >::type, boost::mpl::protect<boost::detail::variant::quoted_enable_recursive<boost::variant<T0, TN> > > >, boost::mpl::identity<typename boost::mpl::eval_if<boost::variant<T0, TN>::is_sequence_based_, typename boost::mpl::eval_if<boost::variant<T0, TN>::is_recursive_, T0_, boost::mpl::identity<T> >::type, boost::detail::variant::make_variant_list<typename boost::mpl::eval_if<boost::variant<T0, TN>::is_recursive_, T0_, boost::mpl::identity<T> >::type, TN ...> >::type> >::type, boost::mpl::protect<boost::detail::make_reference_content<boost::detail::void_type> > >::type> >, boost::is_same<T, boost::recursive_variant_> > >::type*) [with T = boost::shared_ptr<void>; T0_ = boost::shared_ptr<void>; TN = {boost::signals2::detail::foreign_void_shared_ptr}; typename boost::enable_if<boost::mpl::or_<boost::mpl::and_<boost::is_rvalue_reference<T&&>, boost::mpl::not_<boost::is_const<FunctionObj> >, boost::mpl::not_<boost::is_same<T, boost::variant<T0, TN> > >, boost::detail::variant::is_variant_constructible_from<T&&, typename boost::mpl::transform<typename boost::mpl::eval_if<boost::variant<T0, TN>::is_recursive_, boost::mpl::transform<typename boost::mpl::eval_if<boost::variant<T0, TN>::is_sequence_based_, typename boost::mpl::eval_if<boost::variant<T0, TN>::is_recursive_, T0_, boost::mpl::identity<T> >::type, boost::detail::variant::make_variant_list<typename boost::mpl::eval_if<boost::variant<T0, TN>::is_recursive_, T0_, boost::mpl::identity<T> >::type, TN ...> >::type, boost::mpl::protect<boost::detail::variant::quoted_enable_recursive<boost::variant<T0, TN> > > >, boost::mpl::identity<typename boost::mpl::eval_if<boost::variant<T0, TN>::is_sequence_based_, typename boost::mpl::eval_if<boost::variant<T0, TN>::is_recursive_, T0_, boost::mpl::identity<T> >::type, boost::detail::variant::make_variant_list<typename boost::mpl::eval_if<boost::variant<T0, TN>::is_recursive_, T0_, boost::mpl::identity<T> >::type, TN ...> >::type> >::type, boost::mpl::protect<boost::detail::make_reference_content<boost::detail::void_type> > >::type> >, boost::is_same<T, boost::recursive_variant_> > >::type = void][m[Kâ€™
[01m[K/usr/include/boost/signals2/slot_base.hpp:49:42:[m[K   required from here
[01m[K/usr/include/boost/variant/detail/initializer.hpp:119:17:[m[K [01;31m[Kerror: [m[Kâ€˜[01m[K__assert_fail[m[Kâ€™ was not declared in this scope
  119 |                 [01;31m[KBOOST_ASSERT[m[K(!is_reference_content_t::value);
      |                 [01;31m[K^~~~~~~~~~~~[m[K
/usr/include/boost/variant/detail/initializer.hpp: In instantiation of â€˜[01m[Kstatic int boost::detail::variant::make_initializer_node::apply<BaseIndexPair, Iterator>::initializer_node::initialize(void*, boost::detail::variant::make_initializer_node::apply<BaseIndexPair, Iterator>::initializer_node::param2_T) [with BaseIndexPair = boost::mpl::pair<boost::detail::variant::make_initializer_node::apply<boost::mpl::pair<boost::detail::variant::initializer_root, mpl_::int_<0> >, boost::mpl::l_iter<boost::mpl::list3<boost::weak_ptr<boost::signals2::detail::trackable_pointee>, boost::weak_ptr<void>, boost::signals2::detail::foreign_void_weak_ptr> > >::initializer_node, mpl_::int_<1> >; Iterator = boost::mpl::l_iter<boost::mpl::list2<boost::weak_ptr<void>, boost::signals2::detail::foreign_void_weak_ptr> >; boost::detail::variant::make_initializer_node::apply<BaseIndexPair, Iterator>::initializer_node::param2_T = boost::weak_ptr<void>&&][m[Kâ€™:
[01m[K/usr/include/boost/variant/variant.hpp:1578:38:[m[K   required from â€˜[01m[Ktypename boost::enable_if<boost::is_rvalue_reference<T&&> >::type boost::variant<T0, TN>::convert_construct(T&&, int, mpl_::false_) [with T = boost::shared_ptr<void>; T0_ = boost::weak_ptr<boost::signals2::detail::trackable_pointee>; TN = {boost::weak_ptr<void>, boost::signals2::detail::foreign_void_weak_ptr}; typename boost::enable_if<boost::is_rvalue_reference<T&&> >::type = void; mpl_::false_ = mpl_::bool_<false>][m[Kâ€™
[01m[K/usr/include/boost/variant/variant.hpp:1749:9:[m[K   required from â€˜[01m[Kboost::variant<T0, TN>::variant(T&&, typename boost::enable_if<boost::mpl::or_<boost::mpl::and_<boost::is_rvalue_reference<T&&>, boost::mpl::not_<boost::is_const<FunctionObj> >, boost::mpl::not_<boost::is_same<T, boost::variant<T0, TN> > >, boost::detail::variant::is_variant_constructible_from<T&&, typename boost::mpl::transform<typename boost::mpl::eval_if<boost::variant<T0, TN>::is_recursive_, boost::mpl::transform<typename boost::mpl::eval_if<boost::variant<T0, TN>::is_sequence_based_, typename boost::mpl::eval_if<boost::variant<T0, TN>::is_recursive_, T0_, boost::mpl::identity<T> >::type, boost::detail::variant::make_variant_list<typename boost::mpl::eval_if<boost::variant<T0, TN>::is_recursive_, T0_, boost::mpl::identity<T> >::type, TN ...> >::type, boost::mpl::protect<boost::detail::variant::quoted_enable_recursive<boost::variant<T0, TN> > > >, boost::mpl::identity<typename boost::mpl::eval_if<boost::variant<T0, TN>::is_sequence_based_, typename boost::mpl::eval_if<boost::variant<T0, TN>::is_recursive_, T0_, boost::mpl::identity<T> >::type, boost::detail::variant::make_variant_list<typename boost::mpl::eval_if<boost::variant<T0, TN>::is_recursive_, T0_, boost::mpl::identity<T> >::type, TN ...> >::type> >::type, boost::mpl::protect<boost::detail::make_reference_content<boost::detail::void_type> > >::type> >, boost::is_same<T, boost::recursive_variant_> > >::type*) [with T = boost::shared_ptr<void>; T0_ = boost::weak_ptr<boost::signals2::detail::trackable_pointee>; TN = {boost::weak_ptr<void>, boost::signals2::detail::foreign_void_weak_ptr}; typename boost::enable_if<boost::mpl::or_<boost::mpl::and_<boost::is_rvalue_reference<T&&>, boost::mpl::not_<boost::is_const<FunctionObj> >, boost::mpl::not_<boost::is_same<T, boost::variant<T0, TN> > >, boost::detail::variant::is_variant_constructible_from<T&&, typename boost::mpl::transform<typename boost::mpl::eval_if<boost::variant<T0, TN>::is_recursive_, boost::mpl::transform<typename boost::mpl::eval_if<boost::variant<T0, TN>::is_sequence_based_, typename boost::mpl::eval_if<boost::variant<T0, TN>::is_recursive_, T0_, boost::mpl::identity<T> >::type, boost::detail::variant::make_variant_list<typename boost::mpl::eval_if<boost::variant<T0, TN>::is_recursive_, T0_, boost::mpl::identity<T> >::type, TN ...> >::type, boost::mpl::protect<boost::detail::variant::quoted_enable_recursive<boost::variant<T0, TN> > > >, boost::mpl::identity<typename boost::mpl::eval_if<boost::variant<T0, TN>::is_sequence_based_, typename boost::mpl::eval_if<boost::variant<T0, TN>::is_recursive_, T0_, boost::mpl::identity<T> >::type, boost::detail::variant::make_variant_list<typename boost::mpl::eval_if<boost::variant<T0, TN>::is_recursive_, T0_, boost::mpl::identity<T> >::type, TN ...> >::type> >::type, boost::mpl::protect<boost::detail::make_reference_content<boost::detail::void_type> > >::type> >, boost::is_same<T, boost::recursive_variant_> > >::type = void][m[Kâ€™
[01m[K/usr/include/boost/signals2/slot_base.hpp:99:55:[m[K   required from here
[01m[K/usr/include/boost/variant/detail/initializer.hpp:119:17:[m[K [01;31m[Kerror: [m[Kâ€˜[01m[K__assert_fail[m[Kâ€™ was not declared in this scope
/usr/include/boost/variant/detail/initializer.hpp: In instantiation of â€˜[01m[Kstatic int boost::detail::variant::make_initializer_node::apply<BaseIndexPair, Iterator>::initializer_node::initialize(void*, boost::detail::variant::make_initializer_node::apply<BaseIndexPair, Iterator>::initializer_node::param2_T) [with BaseIndexPair = boost::mpl::pair<boost::detail::variant::initializer_root, mpl_::int_<0> >; Iterator = boost::mpl::l_iter<boost::mpl::list3<boost::weak_ptr<boost::signals2::detail::trackable_pointee>, boost::weak_ptr<void>, boost::signals2::detail::foreign_void_weak_ptr> >; boost::detail::variant::make_initializer_node::apply<BaseIndexPair, Iterator>::initializer_node::param2_T = boost::weak_ptr<boost::signals2::detail::trackable_pointee>&&][m[Kâ€™:
[01m[K/usr/include/boost/variant/variant.hpp:1578:38:[m[K   required from â€˜[01m[Ktypename boost::enable_if<boost::is_rvalue_reference<T&&> >::type boost::variant<T0, TN>::convert_construct(T&&, int, mpl_::false_) [with T = boost::weak_ptr<boost::signals2::detail::trackable_pointee>; T0_ = boost::weak_ptr<boost::signals2::detail::trackable_pointee>; TN = {boost::weak_ptr<void>, boost::signals2::detail::foreign_void_weak_ptr}; typename boost::enable_if<boost::is_rvalue_reference<T&&> >::type = void; mpl_::false_ = mpl_::bool_<false>][m[Kâ€™
[01m[K/usr/include/boost/variant/variant.hpp:1749:9:[m[K   required from â€˜[01m[Kboost::variant<T0, TN>::variant(T&&, typename boost::enable_if<boost::mpl::or_<boost::mpl::and_<boost::is_rvalue_reference<T&&>, boost::mpl::not_<boost::is_const<FunctionObj> >, boost::mpl::not_<boost::is_same<T, boost::variant<T0, TN> > >, boost::detail::variant::is_variant_constructible_from<T&&, typename boost::mpl::transform<typename boost::mpl::eval_if<boost::variant<T0, TN>::is_recursive_, boost::mpl::transform<typename boost::mpl::eval_if<boost::variant<T0, TN>::is_sequence_based_, typename boost::mpl::eval_if<boost::variant<T0, TN>::is_recursive_, T0_, boost::mpl::identity<T> >::type, boost::detail::variant::make_variant_list<typename boost::mpl::eval_if<boost::variant<T0, TN>::is_recursive_, T0_, boost::mpl::identity<T> >::type, TN ...> >::type, boost::mpl::protect<boost::detail::variant::quoted_enable_recursive<boost::variant<T0, TN> > > >, boost::mpl::identity<typename boost::mpl::eval_if<boost::variant<T0, TN>::is_sequence_based_, typename boost::mpl::eval_if<boost::variant<T0, TN>::is_recursive_, T0_, boost::mpl::identity<T> >::type, boost::detail::variant::make_variant_list<typename boost::mpl::eval_if<boost::variant<T0, TN>::is_recursive_, T0_, boost::mpl::identity<T> >::type, TN ...> >::type> >::type, boost::mpl::protect<boost::detail::make_reference_content<boost::detail::void_type> > >::type> >, boost::is_same<T, boost::recursive_variant_> > >::type*) [with T = boost::weak_ptr<boost::signals2::detail::trackable_pointee>; T0_ = boost::weak_ptr<boost::signals2::detail::trackable_pointee>; TN = {boost::weak_ptr<void>, boost::signals2::detail::foreign_void_weak_ptr}; typename boost::enable_if<boost::mpl::or_<boost::mpl::and_<boost::is_rvalue_reference<T&&>, boost::mpl::not_<boost::is_const<FunctionObj> >, boost::mpl::not_<boost::is_same<T, boost::variant<T0, TN> > >, boost::detail::variant::is_variant_constructible_from<T&&, typename boost::mpl::transform<typename boost::mpl::eval_if<boost::variant<T0, TN>::is_recursive_, boost::mpl::transform<typename boost::mpl::eval_if<boost::variant<T0, TN>::is_sequence_based_, typename boost::mpl::eval_if<boost::variant<T0, TN>::is_recursive_, T0_, boost::mpl::identity<T> >::type, boost::detail::variant::make_variant_list<typename boost::mpl::eval_if<boost::variant<T0, TN>::is_recursive_, T0_, boost::mpl::identity<T> >::type, TN ...> >::type, boost::mpl::protect<boost::detail::variant::quoted_enable_recursive<boost::variant<T0, TN> > > >, boost::mpl::identity<typename boost::mpl::eval_if<boost::variant<T0, TN>::is_sequence_based_, typename boost::mpl::eval_if<boost::variant<T0, TN>::is_recursive_, T0_, boost::mpl::identity<T> >::type, boost::detail::variant::make_variant_list<typename boost::mpl::eval_if<boost::variant<T0, TN>::is_recursive_, T0_, boost::mpl::identity<T> >::type, TN ...> >::type> >::type, boost::mpl::protect<boost::detail::make_reference_content<boost::detail::void_type> > >::type> >, boost::is_same<T, boost::recursive_variant_> > >::type = void][m[Kâ€™
[01m[K/usr/include/boost/signals2/detail/tracked_objects_visitor.hpp:85:72:[m[K   required from here
[01m[K/usr/include/boost/variant/detail/initializer.hpp:119:17:[m[K [01;31m[Kerror: [m[Kâ€˜[01m[K__assert_fail[m[Kâ€™ was not declared in this scope
In file included from [01m[K/usr/include/boost/assert.hpp:58[m[K,
                 from [01m[K/usr/include/boost/smart_ptr/shared_array.hpp:21[m[K,
                 from [01m[K/usr/include/boost/shared_array.hpp:17[m[K,
                 from [01m[K/opt/ros/noetic/include/ros/serialized_message.h:33[m[K,
                 from [01m[K/opt/ros/noetic/include/ros/common.h:38[m[K,
                 from [01m[K/opt/ros/noetic/include/ros/ros.h:43[m[K,
                 from [01m[K/home/sitl1/sitl_ws/src/fiducials/aruco_detect/src/aruco_detect.cpp:40[m[K:
/usr/include/boost/smart_ptr/shared_array.hpp: In instantiation of â€˜[01m[Kvoid boost::shared_array<T>::reset(Y*) [with Y = unsigned char; T = unsigned char][m[Kâ€™:
[01m[K/opt/ros/noetic/include/ros/serialization.h:817:14:[m[K   required from â€˜[01m[Kros::SerializedMessage ros::serialization::serializeMessage(const M&) [with M = fiducial_msgs::FiducialArray_<std::allocator<void> >][m[Kâ€™
[01m[K/opt/ros/noetic/include/ros/publisher.h:126:26:[m[K   required from â€˜[01m[Kvoid ros::Publisher::publish(const M&) const [with M = fiducial_msgs::FiducialArray_<std::allocator<void> >][m[Kâ€™
[01m[K/home/sitl1/sitl_ws/src/fiducials/aruco_detect/src/aruco_detect.cpp:399:41:[m[K   required from here
[01m[K/usr/include/boost/smart_ptr/shared_array.hpp:178:9:[m[K [01;31m[Kerror: [m[Kâ€˜[01m[K__assert_fail[m[Kâ€™ was not declared in this scope
  178 |         [01;31m[KBOOST_ASSERT[m[K( p == 0 || p != px ); // catch self-reset errors
      |         [01;31m[K^~~~~~~~~~~~[m[K
In file included from [01m[K/usr/include/boost/assert.hpp:58[m[K,
                 from [01m[K/usr/include/boost/variant/detail/forced_return.hpp:17[m[K,
                 from [01m[K/usr/include/boost/variant/variant.hpp:29[m[K,
                 from [01m[K/usr/include/boost/signals2/slot_base.hpp:22[m[K,
                 from [01m[K/usr/include/boost/signals2/detail/tracked_objects_visitor.hpp:18[m[K,
                 from [01m[K/usr/include/boost/signals2/slot.hpp:22[m[K,
                 from [01m[K/usr/include/boost/signals2/connection.hpp:24[m[K,
                 from [01m[K/usr/include/boost/signals2/signal.hpp:22[m[K,
                 from [01m[K/usr/include/boost/signals2.hpp:19[m[K,
                 from [01m[K/opt/ros/noetic/include/tf2/buffer_core.h:37[m[K,
                 from [01m[K/opt/ros/noetic/include/tf2_ros/buffer_interface.h:35[m[K,
                 from [01m[K/opt/ros/noetic/include/tf2_ros/buffer.h:35[m[K,
                 from [01m[K/home/sitl1/sitl_ws/src/fiducials/aruco_detect/src/aruco_detect.cpp:43[m[K:
/usr/include/boost/variant/detail/forced_return.hpp: In instantiation of â€˜[01m[KT boost::detail::variant::forced_return() [with T = void][m[Kâ€™:
[01m[K/usr/include/boost/variant/detail/visitation_impl.hpp:162:66:[m[K   required from â€˜[01m[Ktypename Visitor::result_type boost::detail::variant::visitation_impl_invoke(int, Visitor&, VoidPtrCV, boost::detail::variant::apply_visitor_unrolled*, NBF, long int) [with Visitor = boost::detail::variant::move_into; VoidPtrCV = void*; NBF = boost::variant<boost::shared_ptr<void>, boost::signals2::detail::foreign_void_shared_ptr>::has_fallback_type_; typename Visitor::result_type = void][m[Kâ€™
[01m[K/usr/include/boost/variant/detail/visitation_impl.hpp:231:5:[m[K   required from â€˜[01m[Ktypename Visitor::result_type boost::detail::variant::visitation_impl(int, int, Visitor&, VoidPtrCV, mpl_::false_, NoBackupFlag, Which*, step0*) [with Which = mpl_::int_<0>; step0 = boost::detail::variant::visitation_impl_step<boost::mpl::l_iter<boost::mpl::l_item<mpl_::long_<2>, boost::shared_ptr<void>, boost::mpl::l_item<mpl_::long_<1>, boost::signals2::detail::foreign_void_shared_ptr, boost::mpl::l_end> > >, boost::mpl::l_iter<boost::mpl::l_end> >; Visitor = boost::detail::variant::move_into; VoidPtrCV = void*; NoBackupFlag = boost::variant<boost::shared_ptr<void>, boost::signals2::detail::foreign_void_shared_ptr>::has_fallback_type_; typename Visitor::result_type = void; mpl_::false_ = mpl_::bool_<false>][m[Kâ€™
[01m[K/usr/include/boost/variant/variant.hpp:2334:48:[m[K   required from â€˜[01m[Kstatic typename Visitor::result_type boost::variant<T0, TN>::internal_apply_visitor_impl(int, int, Visitor&, VoidPtrCV) [with Visitor = boost::detail::variant::move_into; VoidPtrCV = void*; T0_ = boost::shared_ptr<void>; TN = {boost::signals2::detail::foreign_void_shared_ptr}; typename Visitor::result_type = void][m[Kâ€™
[01m[K/usr/include/boost/variant/variant.hpp:2346:43:[m[K   required from â€˜[01m[Ktypename Visitor::result_type boost::variant<T0, TN>::internal_apply_visitor(Visitor&) [with Visitor = boost::detail::variant::move_into; T0_ = boost::shared_ptr<void>; TN = {boost::signals2::detail::foreign_void_shared_ptr}; typename Visitor::result_type = void][m[Kâ€™
[01m[K/usr/include/boost/variant/variant.hpp:1771:9:[m[K   required from â€˜[01m[Kboost::variant<T0, TN>::variant(boost::variant<T0, TN>&&) [with T0_ = boost::shared_ptr<void>; TN = {boost::signals2::detail::foreign_void_shared_ptr}][m[Kâ€™
[01m[K/usr/include/boost/signals2/slot_base.hpp:49:42:[m[K   required from here
[01m[K/usr/include/boost/variant/detail/forced_return.hpp:38:5:[m[K [01;31m[Kerror: [m[Kâ€˜[01m[K__assert_fail[m[Kâ€™ was not declared in this scope
   38 |     [01;31m[KBOOST_ASSERT[m[K(false);
      |     [01;31m[K^~~~~~~~~~~~[m[K
/usr/include/boost/variant/detail/forced_return.hpp: In instantiation of â€˜[01m[KT boost::detail::variant::forced_return() [with T = boost::variant<boost::shared_ptr<void>, boost::signals2::detail::foreign_void_shared_ptr>][m[Kâ€™:
[01m[K/usr/include/boost/variant/detail/visitation_impl.hpp:162:66:[m[K   required from â€˜[01m[Ktypename Visitor::result_type boost::detail::variant::visitation_impl_invoke(int, Visitor&, VoidPtrCV, boost::detail::variant::apply_visitor_unrolled*, NBF, long int) [with Visitor = boost::detail::variant::invoke_visitor<const boost::signals2::detail::lock_weak_ptr_visitor, false>; VoidPtrCV = const void*; NBF = boost::variant<boost::weak_ptr<boost::signals2::detail::trackable_pointee>, boost::weak_ptr<void>, boost::signals2::detail::foreign_void_weak_ptr>::has_fallback_type_; typename Visitor::result_type = boost::variant<boost::shared_ptr<void>, boost::signals2::detail::foreign_void_shared_ptr>][m[Kâ€™
[01m[K/usr/include/boost/variant/detail/visitation_impl.hpp:231:5:[m[K   required from â€˜[01m[Ktypename Visitor::result_type boost::detail::variant::visitation_impl(int, int, Visitor&, VoidPtrCV, mpl_::false_, NoBackupFlag, Which*, step0*) [with Which = mpl_::int_<0>; step0 = boost::detail::variant::visitation_impl_step<boost::mpl::l_iter<boost::mpl::l_item<mpl_::long_<3>, boost::weak_ptr<boost::signals2::detail::trackable_pointee>, boost::mpl::l_item<mpl_::long_<2>, boost::weak_ptr<void>, boost::mpl::l_item<mpl_::long_<1>, boost::signals2::detail::foreign_void_weak_ptr, boost::mpl::l_end> > > >, boost::mpl::l_iter<boost::mpl::l_end> >; Visitor = boost::detail::variant::invoke_visitor<const boost::signals2::detail::lock_weak_ptr_visitor, false>; VoidPtrCV = const void*; NoBackupFlag = boost::variant<boost::weak_ptr<boost::signals2::detail::trackable_pointee>, boost::weak_ptr<void>, boost::signals2::detail::foreign_void_weak_ptr>::has_fallback_type_; typename Visitor::result_type = boost::variant<boost::shared_ptr<void>, boost::signals2::detail::foreign_void_shared_ptr>; mpl_::false_ = mpl_::bool_<false>][m[Kâ€™
[01m[K/usr/include/boost/variant/variant.hpp:2334:48:[m[K   required from â€˜[01m[Kstatic typename Visitor::result_type boost::variant<T0, TN>::internal_apply_visitor_impl(int, int, Visitor&, VoidPtrCV) [with Visitor = boost::detail::variant::invoke_visitor<const boost::signals2::detail::lock_weak_ptr_visitor, false>; VoidPtrCV = const void*; T0_ = boost::weak_ptr<boost::signals2::detail::trackable_pointee>; TN = {boost::weak_ptr<void>, boost::signals2::detail::foreign_void_weak_ptr}; typename Visitor::result_type = boost::variant<boost::shared_ptr<void>, boost::signals2::detail::foreign_void_shared_ptr>][m[Kâ€™
[01m[K/usr/include/boost/variant/variant.hpp:2355:43:[m[K   required from â€˜[01m[Ktypename Visitor::result_type boost::variant<T0, TN>::internal_apply_visitor(Visitor&) const [with Visitor = boost::detail::variant::invoke_visitor<const boost::signals2::detail::lock_weak_ptr_visitor, false>; T0_ = boost::weak_ptr<boost::signals2::detail::trackable_pointee>; TN = {boost::weak_ptr<void>, boost::signals2::detail::foreign_void_weak_ptr}; typename Visitor::result_type = boost::variant<boost::shared_ptr<void>, boost::signals2::detail::foreign_void_shared_ptr>][m[Kâ€™
[01m[K/usr/include/boost/variant/variant.hpp:2401:52:[m[K   required from â€˜[01m[Ktypename Visitor::result_type boost::variant<T0, TN>::apply_visitor(Visitor&) const & [with Visitor = const boost::signals2::detail::lock_weak_ptr_visitor; T0_ = boost::weak_ptr<boost::signals2::detail::trackable_pointee>; TN = {boost::weak_ptr<void>, boost::signals2::detail::foreign_void_weak_ptr}; typename Visitor::result_type = boost::variant<boost::shared_ptr<void>, boost::signals2::detail::foreign_void_shared_ptr>][m[Kâ€™
[01m[K/usr/include/boost/variant/detail/apply_visitor_unary.hpp:68:72:[m[K   required from â€˜[01m[Ktypename Visitor::result_type boost::apply_visitor(const Visitor&, Visitable&&) [with Visitor = boost::signals2::detail::lock_weak_ptr_visitor; Visitable = const boost::variant<boost::weak_ptr<boost::signals2::detail::trackable_pointee>, boost::weak_ptr<void>, boost::signals2::detail::foreign_void_weak_ptr>&; typename Visitor::result_type = boost::variant<boost::shared_ptr<void>, boost::signals2::detail::foreign_void_shared_ptr>][m[Kâ€™
[01m[K/usr/include/boost/signals2/slot_base.hpp:77:86:[m[K   required from here
[01m[K/usr/include/boost/variant/detail/forced_return.hpp:38:5:[m[K [01;31m[Kerror: [m[Kâ€˜[01m[K__assert_fail[m[Kâ€™ was not declared in this scope
/usr/include/boost/variant/detail/forced_return.hpp: In instantiation of â€˜[01m[KT boost::detail::variant::forced_return() [with T = bool][m[Kâ€™:
[01m[K/usr/include/boost/variant/detail/visitation_impl.hpp:162:66:[m[K   required from â€˜[01m[Ktypename Visitor::result_type boost::detail::variant::visitation_impl_invoke(int, Visitor&, VoidPtrCV, boost::detail::variant::apply_visitor_unrolled*, NBF, long int) [with Visitor = boost::detail::variant::invoke_visitor<const boost::signals2::detail::expired_weak_ptr_visitor, false>; VoidPtrCV = const void*; NBF = boost::variant<boost::weak_ptr<boost::signals2::detail::trackable_pointee>, boost::weak_ptr<void>, boost::signals2::detail::foreign_void_weak_ptr>::has_fallback_type_; typename Visitor::result_type = bool][m[Kâ€™
[01m[K/usr/include/boost/variant/detail/visitation_impl.hpp:231:5:[m[K   required from â€˜[01m[Ktypename Visitor::result_type boost::detail::variant::visitation_impl(int, int, Visitor&, VoidPtrCV, mpl_::false_, NoBackupFlag, Which*, step0*) [with Which = mpl_::int_<0>; step0 = boost::detail::variant::visitation_impl_step<boost::mpl::l_iter<boost::mpl::l_item<mpl_::long_<3>, boost::weak_ptr<boost::signals2::detail::trackable_pointee>, boost::mpl::l_item<mpl_::long_<2>, boost::weak_ptr<void>, boost::mpl::l_item<mpl_::long_<1>, boost::signals2::detail::foreign_void_weak_ptr, boost::mpl::l_end> > > >, boost::mpl::l_iter<boost::mpl::l_end> >; Visitor = boost::detail::variant::invoke_visitor<const boost::signals2::detail::expired_weak_ptr_visitor, false>; VoidPtrCV = const void*; NoBackupFlag = boost::variant<boost::weak_ptr<boost::signals2::detail::trackable_pointee>, boost::weak_ptr<void>, boost::signals2::detail::foreign_void_weak_ptr>::has_fallback_type_; typename Visitor::result_type = bool; mpl_::false_ = mpl_::bool_<false>][m[Kâ€™
[01m[K/usr/include/boost/variant/variant.hpp:2334:48:[m[K   required from â€˜[01m[Kstatic typename Visitor::result_type boost::variant<T0, TN>::internal_apply_visitor_impl(int, int, Visitor&, VoidPtrCV) [with Visitor = boost::detail::variant::invoke_visitor<const boost::signals2::detail::expired_weak_ptr_visitor, false>; VoidPtrCV = const void*; T0_ = boost::weak_ptr<boost::signals2::detail::trackable_pointee>; TN = {boost::weak_ptr<void>, boost::signals2::detail::foreign_void_weak_ptr}; typename Visitor::result_type = bool][m[Kâ€™
[01m[K/usr/include/boost/variant/variant.hpp:2355:43:[m[K   required from â€˜[01m[Ktypename Visitor::result_type boost::variant<T0, TN>::internal_apply_visitor(Visitor&) const [with Visitor = boost::detail::variant::invoke_visitor<const boost::signals2::detail::expired_weak_ptr_visitor, false>; T0_ = boost::weak_ptr<boost::signals2::detail::trackable_pointee>; TN = {boost::weak_ptr<void>, boost::signals2::detail::foreign_void_weak_ptr}; typename Visitor::result_type = bool][m[Kâ€™
[01m[K/usr/include/boost/variant/variant.hpp:2401:52:[m[K   required from â€˜[01m[Ktypename Visitor::result_type boost::variant<T0, TN>::apply_visitor(Visitor&) const & [with Visitor = const boost::signals2::detail::expired_weak_ptr_visitor; T0_ = boost::weak_ptr<boost::signals2::detail::trackable_pointee>; TN = {boost::weak_ptr<void>, boost::signals2::detail::foreign_void_weak_ptr}; typename Visitor::result_type = bool][m[Kâ€™
[01m[K/usr/include/boost/variant/detail/apply_visitor_unary.hpp:68:72:[m[K   required from â€˜[01m[Ktypename Visitor::result_type boost::apply_visitor(const Visitor&, Visitable&&) [with Visitor = boost::signals2::detail::expired_weak_ptr_visitor; Visitable = const boost::variant<boost::weak_ptr<boost::signals2::detail::trackable_pointee>, boost::weak_ptr<void>, boost::signals2::detail::foreign_void_weak_ptr>&; typename Visitor::result_type = bool][m[Kâ€™
[01m[K/usr/include/boost/signals2/slot_base.hpp:78:67:[m[K   required from here
[01m[K/usr/include/boost/variant/detail/forced_return.hpp:38:5:[m[K [01;31m[Kerror: [m[Kâ€˜[01m[K__assert_fail[m[Kâ€™ was not declared in this scope
/usr/include/boost/variant/detail/initializer.hpp: In instantiation of â€˜[01m[Kstatic int boost::detail::variant::make_initializer_node::apply<BaseIndexPair, Iterator>::initializer_node::initialize(void*, boost::detail::variant::make_initializer_node::apply<BaseIndexPair, Iterator>::initializer_node::param2_T) [with BaseIndexPair = boost::mpl::pair<boost::detail::variant::make_initializer_node::apply<boost::mpl::pair<boost::detail::variant::initializer_root, mpl_::int_<0> >, boost::mpl::l_iter<boost::mpl::list2<boost::shared_ptr<void>, boost::signals2::detail::foreign_void_shared_ptr> > >::initializer_node, mpl_::int_<1> >; Iterator = boost::mpl::l_iter<boost::mpl::list1<boost::signals2::detail::foreign_void_shared_ptr> >; boost::detail::variant::make_initializer_node::apply<BaseIndexPair, Iterator>::initializer_node::param2_T = boost::signals2::detail::foreign_void_shared_ptr&&][m[Kâ€™:
[01m[K/usr/include/boost/variant/variant.hpp:1578:38:[m[K   required from â€˜[01m[Ktypename boost::enable_if<boost::is_rvalue_reference<T&&> >::type boost::variant<T0, TN>::convert_construct(T&&, int, mpl_::false_) [with T = boost::signals2::detail::foreign_void_shared_ptr; T0_ = boost::shared_ptr<void>; TN = {boost::signals2::detail::foreign_void_shared_ptr}; typename boost::enable_if<boost::is_rvalue_reference<T&&> >::type = void; mpl_::false_ = mpl_::bool_<false>][m[Kâ€™
[01m[K/usr/include/boost/variant/variant.hpp:1749:9:[m[K   required from â€˜[01m[Kboost::variant<T0, TN>::variant(T&&, typename boost::enable_if<boost::mpl::or_<boost::mpl::and_<boost::is_rvalue_reference<T&&>, boost::mpl::not_<boost::is_const<FunctionObj> >, boost::mpl::not_<boost::is_same<T, boost::variant<T0, TN> > >, boost::detail::variant::is_variant_constructible_from<T&&, typename boost::mpl::transform<typename boost::mpl::eval_if<boost::variant<T0, TN>::is_recursive_, boost::mpl::transform<typename boost::mpl::eval_if<boost::variant<T0, TN>::is_sequence_based_, typename boost::mpl::eval_if<boost::variant<T0, TN>::is_recursive_, T0_, boost::mpl::identity<T> >::type, boost::detail::variant::make_variant_list<typename boost::mpl::eval_if<boost::variant<T0, TN>::is_recursive_, T0_, boost::mpl::identity<T> >::type, TN ...> >::type, boost::mpl::protect<boost::detail::variant::quoted_enable_recursive<boost::variant<T0, TN> > > >, boost::mpl::identity<typename boost::mpl::eval_if<boost::variant<T0, TN>::is_sequence_based_, typename boost::mpl::eval_if<boost::variant<T0, TN>::is_recursive_, T0_, boost::mpl::identity<T> >::type, boost::detail::variant::make_variant_list<typename boost::mpl::eval_if<boost::variant<T0, TN>::is_recursive_, T0_, boost::mpl::identity<T> >::type, TN ...> >::type> >::type, boost::mpl::protect<boost::detail::make_reference_content<boost::detail::void_type> > >::type> >, boost::is_same<T, boost::recursive_variant_> > >::type*) [with T = boost::signals2::detail::foreign_void_shared_ptr; T0_ = boost::shared_ptr<void>; TN = {boost::signals2::detail::foreign_void_shared_ptr}; typename boost::enable_if<boost::mpl::or_<boost::mpl::and_<boost::is_rvalue_reference<T&&>, boost::mpl::not_<boost::is_const<FunctionObj> >, boost::mpl::not_<boost::is_same<T, boost::variant<T0, TN> > >, boost::detail::variant::is_variant_constructible_from<T&&, typename boost::mpl::transform<typename boost::mpl::eval_if<boost::variant<T0, TN>::is_recursive_, boost::mpl::transform<typename boost::mpl::eval_if<boost::variant<T0, TN>::is_sequence_based_, typename boost::mpl::eval_if<boost::variant<T0, TN>::is_recursive_, T0_, boost::mpl::identity<T> >::type, boost::detail::variant::make_variant_list<typename boost::mpl::eval_if<boost::variant<T0, TN>::is_recursive_, T0_, boost::mpl::identity<T> >::type, TN ...> >::type, boost::mpl::protect<boost::detail::variant::quoted_enable_recursive<boost::variant<T0, TN> > > >, boost::mpl::identity<typename boost::mpl::eval_if<boost::variant<T0, TN>::is_sequence_based_, typename boost::mpl::eval_if<boost::variant<T0, TN>::is_recursive_, T0_, boost::mpl::identity<T> >::type, boost::detail::variant::make_variant_list<typename boost::mpl::eval_if<boost::variant<T0, TN>::is_recursive_, T0_, boost::mpl::identity<T> >::type, TN ...> >::type> >::type, boost::mpl::protect<boost::detail::make_reference_content<boost::detail::void_type> > >::type> >, boost::is_same<T, boost::recursive_variant_> > >::type = void][m[Kâ€™
[01m[K/usr/include/boost/signals2/slot_base.hpp:43:26:[m[K   required from â€˜[01m[Kboost::signals2::detail::lock_weak_ptr_visitor::result_type boost::signals2::detail::lock_weak_ptr_visitor::operator()(const WeakPtr&) const [with WeakPtr = boost::signals2::detail::foreign_void_weak_ptr; boost::signals2::detail::lock_weak_ptr_visitor::result_type = boost::variant<boost::shared_ptr<void>, boost::signals2::detail::foreign_void_shared_ptr>][m[Kâ€™
[01m[K/usr/include/boost/variant/variant.hpp:1028:24:[m[K   required from â€˜[01m[Ktypename boost::disable_if_c<(MoveSemantics && boost::is_same<Value2, Value2>::value), typename Visitor::result_type>::type boost::detail::variant::invoke_visitor<Visitor, MoveSemantics>::internal_visit(T&&, int) [with T = const boost::signals2::detail::foreign_void_weak_ptr&; Visitor = const boost::signals2::detail::lock_weak_ptr_visitor; bool MoveSemantics = false; typename boost::disable_if_c<(MoveSemantics && boost::is_same<Value2, Value2>::value), typename Visitor::result_type>::type = boost::variant<boost::shared_ptr<void>, boost::signals2::detail::foreign_void_shared_ptr>][m[Kâ€™
[01m[K/usr/include/boost/variant/detail/visitation_impl.hpp:112:9:[m[K   [ skipping 2 instantiation contexts, use -ftemplate-backtrace-limit=0 to disable ]
[01m[K/usr/include/boost/variant/detail/visitation_impl.hpp:231:5:[m[K   required from â€˜[01m[Ktypename Visitor::result_type boost::detail::variant::visitation_impl(int, int, Visitor&, VoidPtrCV, mpl_::false_, NoBackupFlag, Which*, step0*) [with Which = mpl_::int_<0>; step0 = boost::detail::variant::visitation_impl_step<boost::mpl::l_iter<boost::mpl::l_item<mpl_::long_<3>, boost::weak_ptr<boost::signals2::detail::trackable_pointee>, boost::mpl::l_item<mpl_::long_<2>, boost::weak_ptr<void>, boost::mpl::l_item<mpl_::long_<1>, boost::signals2::detail::foreign_void_weak_ptr, boost::mpl::l_end> > > >, boost::mpl::l_iter<boost::mpl::l_end> >; Visitor = boost::detail::variant::invoke_visitor<const boost::signals2::detail::lock_weak_ptr_visitor, false>; VoidPtrCV = const void*; NoBackupFlag = boost::variant<boost::weak_ptr<boost::signals2::detail::trackable_pointee>, boost::weak_ptr<void>, boost::signals2::detail::foreign_void_weak_ptr>::has_fallback_type_; typename Visitor::result_type = boost::variant<boost::shared_ptr<void>, boost::signals2::detail::foreign_void_shared_ptr>; mpl_::false_ = mpl_::bool_<false>][m[Kâ€™
[01m[K/usr/include/boost/variant/variant.hpp:2334:48:[m[K   required from â€˜[01m[Kstatic typename Visitor::result_type boost::variant<T0, TN>::internal_apply_visitor_impl(int, int, Visitor&, VoidPtrCV) [with Visitor = boost::detail::variant::invoke_visitor<const boost::signals2::detail::lock_weak_ptr_visitor, false>; VoidPtrCV = const void*; T0_ = boost::weak_ptr<boost::signals2::detail::trackable_pointee>; TN = {boost::weak_ptr<void>, boost::signals2::detail::foreign_void_weak_ptr}; typename Visitor::result_type = boost::variant<boost::shared_ptr<void>, boost::signals2::detail::foreign_void_shared_ptr>][m[Kâ€™
[01m[K/usr/include/boost/variant/variant.hpp:2355:43:[m[K   required from â€˜[01m[Ktypename Visitor::result_type boost::variant<T0, TN>::internal_apply_visitor(Visitor&) const [with Visitor = boost::detail::variant::invoke_visitor<const boost::signals2::detail::lock_weak_ptr_visitor, false>; T0_ = boost::weak_ptr<boost::signals2::detail::trackable_pointee>; TN = {boost::weak_ptr<void>, boost::signals2::detail::foreign_void_weak_ptr}; typename Visitor::result_type = boost::variant<boost::shared_ptr<void>, boost::signals2::detail::foreign_void_shared_ptr>][m[Kâ€™
[01m[K/usr/include/boost/variant/variant.hpp:2401:52:[m[K   required from â€˜[01m[Ktypename Visitor::result_type boost::variant<T0, TN>::apply_visitor(Visitor&) const & [with Visitor = const boost::signals2::detail::lock_weak_ptr_visitor; T0_ = boost::weak_ptr<boost::signals2::detail::trackable_pointee>; TN = {boost::weak_ptr<void>, boost::signals2::detail::foreign_void_weak_ptr}; typename Visitor::result_type = boost::variant<boost::shared_ptr<void>, boost::signals2::detail::foreign_void_shared_ptr>][m[Kâ€™
[01m[K/usr/include/boost/variant/detail/apply_visitor_unary.hpp:68:72:[m[K   required from â€˜[01m[Ktypename Visitor::result_type boost::apply_visitor(const Visitor&, Visitable&&) [with Visitor = boost::signals2::detail::lock_weak_ptr_visitor; Visitable = const boost::variant<boost::weak_ptr<boost::signals2::detail::trackable_pointee>, boost::weak_ptr<void>, boost::signals2::detail::foreign_void_weak_ptr>&; typename Visitor::result_type = boost::variant<boost::shared_ptr<void>, boost::signals2::detail::foreign_void_shared_ptr>][m[Kâ€™
[01m[K/usr/include/boost/signals2/slot_base.hpp:77:86:[m[K   required from here
[01m[K/usr/include/boost/variant/detail/initializer.hpp:119:17:[m[K [01;31m[Kerror: [m[Kâ€˜[01m[K__assert_fail[m[Kâ€™ was not declared in this scope
  119 |                 [01;31m[KBOOST_ASSERT[m[K(!is_reference_content_t::value);
      |                 [01;31m[K^~~~~~~~~~~~[m[K
In file included from [01m[K/usr/include/boost/assert.hpp:58[m[K,
                 from [01m[K/usr/include/boost/smart_ptr/shared_ptr.hpp:25[m[K,
                 from [01m[K/usr/include/boost/shared_ptr.hpp:17[m[K,
                 from [01m[K/opt/ros/noetic/include/ros/forwards.h:37[m[K,
                 from [01m[K/opt/ros/noetic/include/ros/common.h:37[m[K,
                 from [01m[K/opt/ros/noetic/include/ros/ros.h:43[m[K,
                 from [01m[K/home/sitl1/sitl_ws/src/fiducials/aruco_detect/src/aruco_detect.cpp:40[m[K:
/usr/include/boost/smart_ptr/shared_ptr.hpp: In instantiation of â€˜[01m[Ktypename boost::detail::sp_dereference<T>::type boost::shared_ptr<T>::operator*() const [with T = dynamic_reconfigure::ReconfigureRequest_<std::allocator<void> >; typename boost::detail::sp_dereference<T>::type = dynamic_reconfigure::ReconfigureRequest_<std::allocator<void> >&][m[Kâ€™:
[01m[K/opt/ros/noetic/include/ros/service_callback_helper.h:176:45:[m[K   required from â€˜[01m[Kbool ros::ServiceCallbackHelperT<Spec>::call(ros::ServiceCallbackHelperCallParams&) [with Spec = ros::ServiceSpec<dynamic_reconfigure::ReconfigureRequest_<std::allocator<void> >, dynamic_reconfigure::ReconfigureResponse_<std::allocator<void> > >][m[Kâ€™
[01m[K/opt/ros/noetic/include/ros/service_callback_helper.h:170:16:[m[K   required from here
[01m[K/usr/include/boost/smart_ptr/shared_ptr.hpp:728:9:[m[K [01;31m[Kerror: [m[Kâ€˜[01m[K__assert_fail[m[Kâ€™ was not declared in this scope
  728 |         [01;31m[KBOOST_ASSERT[m[K( px != 0 );
      |         [01;31m[K^~~~~~~~~~~~[m[K
/usr/include/boost/smart_ptr/shared_ptr.hpp: In instantiation of â€˜[01m[Ktypename boost::detail::sp_dereference<T>::type boost::shared_ptr<T>::operator*() const [with T = dynamic_reconfigure::ReconfigureResponse_<std::allocator<void> >; typename boost::detail::sp_dereference<T>::type = dynamic_reconfigure::ReconfigureResponse_<std::allocator<void> >&][m[Kâ€™:
[01m[K/opt/ros/noetic/include/ros/service_callback_helper.h:183:57:[m[K   required from â€˜[01m[Kbool ros::ServiceCallbackHelperT<Spec>::call(ros::ServiceCallbackHelperCallParams&) [with Spec = ros::ServiceSpec<dynamic_reconfigure::ReconfigureRequest_<std::allocator<void> >, dynamic_reconfigure::ReconfigureResponse_<std::allocator<void> > >][m[Kâ€™
[01m[K/opt/ros/noetic/include/ros/service_callback_helper.h:170:16:[m[K   required from here
[01m[K/usr/include/boost/smart_ptr/shared_ptr.hpp:728:9:[m[K [01;31m[Kerror: [m[Kâ€˜[01m[K__assert_fail[m[Kâ€™ was not declared in this scope
/usr/include/boost/smart_ptr/shared_ptr.hpp: In instantiation of â€˜[01m[Ktypename boost::detail::sp_dereference<T>::type boost::shared_ptr<T>::operator*() const [with T = std_srvs::SetBoolRequest_<std::allocator<void> >; typename boost::detail::sp_dereference<T>::type = std_srvs::SetBoolRequest_<std::allocator<void> >&][m[Kâ€™:
[01m[K/opt/ros/noetic/include/ros/service_callback_helper.h:176:45:[m[K   required from â€˜[01m[Kbool ros::ServiceCallbackHelperT<Spec>::call(ros::ServiceCallbackHelperCallParams&) [with Spec = ros::ServiceSpec<std_srvs::SetBoolRequest_<std::allocator<void> >, std_srvs::SetBoolResponse_<std::allocator<void> > >][m[Kâ€™
[01m[K/opt/ros/noetic/include/ros/service_callback_helper.h:170:16:[m[K   required from here
[01m[K/usr/include/boost/smart_ptr/shared_ptr.hpp:728:9:[m[K [01;31m[Kerror: [m[Kâ€˜[01m[K__assert_fail[m[Kâ€™ was not declared in this scope
/usr/include/boost/smart_ptr/shared_ptr.hpp: In instantiation of â€˜[01m[Ktypename boost::detail::sp_dereference<T>::type boost::shared_ptr<T>::operator*() const [with T = std_srvs::SetBoolResponse_<std::allocator<void> >; typename boost::detail::sp_dereference<T>::type = std_srvs::SetBoolResponse_<std::allocator<void> >&][m[Kâ€™:
[01m[K/opt/ros/noetic/include/ros/service_callback_helper.h:183:57:[m[K   required from â€˜[01m[Kbool ros::ServiceCallbackHelperT<Spec>::call(ros::ServiceCallbackHelperCallParams&) [with Spec = ros::ServiceSpec<std_srvs::SetBoolRequest_<std::allocator<void> >, std_srvs::SetBoolResponse_<std::allocator<void> > >][m[Kâ€™
[01m[K/opt/ros/noetic/include/ros/service_callback_helper.h:170:16:[m[K   required from here
[01m[K/usr/include/boost/smart_ptr/shared_ptr.hpp:728:9:[m[K [01;31m[Kerror: [m[Kâ€˜[01m[K__assert_fail[m[Kâ€™ was not declared in this scope
/usr/include/boost/smart_ptr/shared_ptr.hpp: In instantiation of â€˜[01m[Ktypename boost::detail::sp_dereference<T>::type boost::shared_ptr<T>::operator*() const [with T = std_msgs::String_<std::allocator<void> >; typename boost::detail::sp_dereference<T>::type = std_msgs::String_<std::allocator<void> >&][m[Kâ€™:
[01m[K/opt/ros/noetic/include/ros/subscription_callback_helper.h:136:30:[m[K   required from â€˜[01m[Kros::VoidConstPtr ros::SubscriptionCallbackHelperT<P, Enabled>::deserialize(const ros::SubscriptionCallbackHelperDeserializeParams&) [with P = const std_msgs::String_<std::allocator<void> >&; Enabled = void; ros::VoidConstPtr = boost::shared_ptr<const void>][m[Kâ€™
[01m[K/opt/ros/noetic/include/ros/subscription_callback_helper.h:118:24:[m[K   required from here
[01m[K/usr/include/boost/smart_ptr/shared_ptr.hpp:728:9:[m[K [01;31m[Kerror: [m[Kâ€˜[01m[K__assert_fail[m[Kâ€™ was not declared in this scope
/usr/include/boost/smart_ptr/shared_ptr.hpp: In instantiation of â€˜[01m[Ktypename boost::detail::sp_dereference<T>::type boost::shared_ptr<T>::operator*() const [with T = fiducial_msgs::FiducialArray_<std::allocator<void> >; typename boost::detail::sp_dereference<T>::type = fiducial_msgs::FiducialArray_<std::allocator<void> >&][m[Kâ€™:
[01m[K/opt/ros/noetic/include/ros/subscription_callback_helper.h:136:30:[m[K   required from â€˜[01m[Kros::VoidConstPtr ros::SubscriptionCallbackHelperT<P, Enabled>::deserialize(const ros::SubscriptionCallbackHelperDeserializeParams&) [with P = const boost::shared_ptr<const fiducial_msgs::FiducialArray_<std::allocator<void> > >&; Enabled = void; ros::VoidConstPtr = boost::shared_ptr<const void>][m[Kâ€™
[01m[K/opt/ros/noetic/include/ros/subscription_callback_helper.h:118:24:[m[K   required from here
[01m[K/usr/include/boost/smart_ptr/shared_ptr.hpp:728:9:[m[K [01;31m[Kerror: [m[Kâ€˜[01m[K__assert_fail[m[Kâ€™ was not declared in this scope
/usr/include/boost/smart_ptr/shared_ptr.hpp: In instantiation of â€˜[01m[Ktypename boost::detail::sp_dereference<T>::type boost::shared_ptr<T>::operator*() const [with T = sensor_msgs::CameraInfo_<std::allocator<void> >; typename boost::detail::sp_dereference<T>::type = sensor_msgs::CameraInfo_<std::allocator<void> >&][m[Kâ€™:
[01m[K/opt/ros/noetic/include/ros/subscription_callback_helper.h:136:30:[m[K   required from â€˜[01m[Kros::VoidConstPtr ros::SubscriptionCallbackHelperT<P, Enabled>::deserialize(const ros::SubscriptionCallbackHelperDeserializeParams&) [with P = const boost::shared_ptr<const sensor_msgs::CameraInfo_<std::allocator<void> > >&; Enabled = void; ros::VoidConstPtr = boost::shared_ptr<const void>][m[Kâ€™
[01m[K/opt/ros/noetic/include/ros/subscription_callback_helper.h:118:24:[m[K   required from here
[01m[K/usr/include/boost/smart_ptr/shared_ptr.hpp:728:9:[m[K [01;31m[Kerror: [m[Kâ€˜[01m[K__assert_fail[m[Kâ€™ was not declared in this scope
/usr/include/boost/smart_ptr/shared_ptr.hpp: In instantiation of â€˜[01m[Ktypename boost::detail::sp_dereference<T>::type boost::shared_ptr<T>::operator*() const [with T = const std_msgs::String_<std::allocator<void> >; typename boost::detail::sp_dereference<T>::type = const std_msgs::String_<std::allocator<void> >&][m[Kâ€™:
[01m[K/opt/ros/noetic/include/ros/parameter_adapter.h:120:12:[m[K   required from â€˜[01m[Kstatic const M& ros::ParameterAdapter<const M&>::getParameter(const Event&) [with M = std_msgs::String_<std::allocator<void> >; ros::ParameterAdapter<const M&>::Parameter = const std_msgs::String_<std::allocator<void> >&; ros::ParameterAdapter<const M&>::Event = ros::MessageEvent<const std_msgs::String_<std::allocator<void> > >; typename boost::remove_reference<typename boost::remove_const<M>::type>::type = std_msgs::String_<std::allocator<void> >][m[Kâ€™
[01m[K/opt/ros/noetic/include/ros/subscription_callback_helper.h:144:48:[m[K   required from â€˜[01m[Kvoid ros::SubscriptionCallbackHelperT<P, Enabled>::call(ros::SubscriptionCallbackHelperCallParams&) [with P = const std_msgs::String_<std::allocator<void> >&; Enabled = void][m[Kâ€™
[01m[K/opt/ros/noetic/include/ros/subscription_callback_helper.h:141:16:[m[K   required from here
[01m[K/usr/include/boost/smart_ptr/shared_ptr.hpp:728:9:[m[K [01;31m[Kerror: [m[Kâ€˜[01m[K__assert_fail[m[Kâ€™ was not declared in this scope
In file included from [01m[K/usr/include/boost/assert.hpp:58[m[K,
                 from [01m[K/usr/include/boost/thread/pthread/pthread_mutex_scoped_lock.hpp:10[m[K,
                 from [01m[K/usr/include/boost/thread/pthread/mutex.hpp:25[m[K,
                 from [01m[K/usr/include/boost/thread/mutex.hpp:16[m[K,
                 from [01m[K/opt/ros/noetic/include/ros/publisher.h:36[m[K,
                 from [01m[K/opt/ros/noetic/include/ros/node_handle.h:32[m[K,
                 from [01m[K/opt/ros/noetic/include/ros/ros.h:45[m[K,
                 from [01m[K/home/sitl1/sitl_ws/src/fiducials/aruco_detect/src/aruco_detect.cpp:40[m[K:
/opt/ros/noetic/include/ros/message_event.h: In instantiation of â€˜[01m[Ktypename boost::disable_if<boost::is_void<M2>, boost::shared_ptr<X> >::type ros::MessageEvent<M>::copyMessageIfNecessary() const [with M2 = const std_msgs::String_<std::allocator<void> >; M = const std_msgs::String_<std::allocator<void> >; typename boost::disable_if<boost::is_void<M2>, boost::shared_ptr<X> >::type = boost::shared_ptr<const std_msgs::String_<std::allocator<void> > >][m[Kâ€™:
[01m[K/opt/ros/noetic/include/ros/message_event.h:160:38:[m[K   required from â€˜[01m[Kboost::shared_ptr<X> ros::MessageEvent<M>::getMessage() const [with M = const std_msgs::String_<std::allocator<void> >][m[Kâ€™
[01m[K/opt/ros/noetic/include/ros/parameter_adapter.h:120:12:[m[K   required from â€˜[01m[Kstatic const M& ros::ParameterAdapter<const M&>::getParameter(const Event&) [with M = std_msgs::String_<std::allocator<void> >; ros::ParameterAdapter<const M&>::Parameter = const std_msgs::String_<std::allocator<void> >&; ros::ParameterAdapter<const M&>::Event = ros::MessageEvent<const std_msgs::String_<std::allocator<void> > >; typename boost::remove_reference<typename boost::remove_const<M>::type>::type = std_msgs::String_<std::allocator<void> >][m[Kâ€™
[01m[K/opt/ros/noetic/include/ros/subscription_callback_helper.h:144:48:[m[K   required from â€˜[01m[Kvoid ros::SubscriptionCallbackHelperT<P, Enabled>::call(ros::SubscriptionCallbackHelperCallParams&) [with P = const std_msgs::String_<std::allocator<void> >&; Enabled = void][m[Kâ€™
[01m[K/opt/ros/noetic/include/ros/subscription_callback_helper.h:141:16:[m[K   required from here
[01m[K/opt/ros/noetic/include/ros/message_event.h:227:5:[m[K [01;31m[Kerror: [m[Kâ€˜[01m[K__assert_fail[m[Kâ€™ was not declared in this scope
  227 |     [01;31m[Kassert[m[K(create_);
      |     [01;31m[K^~~~~~[m[K
/opt/ros/noetic/include/ros/message_event.h: In instantiation of â€˜[01m[Ktypename boost::disable_if<boost::is_void<M2>, boost::shared_ptr<X> >::type ros::MessageEvent<M>::copyMessageIfNecessary() const [with M2 = const fiducial_msgs::FiducialArray_<std::allocator<void> >; M = const fiducial_msgs::FiducialArray_<std::allocator<void> >; typename boost::disable_if<boost::is_void<M2>, boost::shared_ptr<X> >::type = boost::shared_ptr<const fiducial_msgs::FiducialArray_<std::allocator<void> > >][m[Kâ€™:
[01m[K/opt/ros/noetic/include/ros/message_event.h:160:38:[m[K   required from â€˜[01m[Kboost::shared_ptr<X> ros::MessageEvent<M>::getMessage() const [with M = const fiducial_msgs::FiducialArray_<std::allocator<void> >][m[Kâ€™
[01m[K/opt/ros/noetic/include/ros/parameter_adapter.h:92:29:[m[K   required from â€˜[01m[Kstatic ros::ParameterAdapter<const boost::shared_ptr<const M>&>::Parameter ros::ParameterAdapter<const boost::shared_ptr<const M>&>::getParameter(const Event&) [with M = fiducial_msgs::FiducialArray_<std::allocator<void> >; ros::ParameterAdapter<const boost::shared_ptr<const M>&>::Parameter = const boost::shared_ptr<const fiducial_msgs::FiducialArray_<std::allocator<void> > >; typename boost::remove_reference<typename boost::remove_const<M>::type>::type = fiducial_msgs::FiducialArray_<std::allocator<void> >; ros::ParameterAdapter<const boost::shared_ptr<const M>&>::Event = ros::MessageEvent<const fiducial_msgs::FiducialArray_<std::allocator<void> > >][m[Kâ€™
[01m[K/opt/ros/noetic/include/ros/subscription_callback_helper.h:144:48:[m[K   required from â€˜[01m[Kvoid ros::SubscriptionCallbackHelperT<P, Enabled>::call(ros::SubscriptionCallbackHelperCallParams&) [with P = const boost::shared_ptr<const fiducial_msgs::FiducialArray_<std::allocator<void> > >&; Enabled = void][m[Kâ€™
[01m[K/opt/ros/noetic/include/ros/subscription_callback_helper.h:141:16:[m[K   required from here
[01m[K/opt/ros/noetic/include/ros/message_event.h:227:5:[m[K [01;31m[Kerror: [m[Kâ€˜[01m[K__assert_fail[m[Kâ€™ was not declared in this scope
/opt/ros/noetic/include/ros/message_event.h: In instantiation of â€˜[01m[Ktypename boost::disable_if<boost::is_void<M2>, boost::shared_ptr<X> >::type ros::MessageEvent<M>::copyMessageIfNecessary() const [with M2 = const sensor_msgs::CameraInfo_<std::allocator<void> >; M = const sensor_msgs::CameraInfo_<std::allocator<void> >; typename boost::disable_if<boost::is_void<M2>, boost::shared_ptr<X> >::type = boost::shared_ptr<const sensor_msgs::CameraInfo_<std::allocator<void> > >][m[Kâ€™:
[01m[K/opt/ros/noetic/include/ros/message_event.h:160:38:[m[K   required from â€˜[01m[Kboost::shared_ptr<X> ros::MessageEvent<M>::getMessage() const [with M = const sensor_msgs::CameraInfo_<std::allocator<void> >][m[Kâ€™
[01m[K/opt/ros/noetic/include/ros/parameter_adapter.h:92:29:[m[K   required from â€˜[01m[Kstatic ros::ParameterAdapter<const boost::shared_ptr<const M>&>::Parameter ros::ParameterAdapter<const boost::shared_ptr<const M>&>::getParameter(const Event&) [with M = sensor_msgs::CameraInfo_<std::allocator<void> >; ros::ParameterAdapter<const boost::shared_ptr<const M>&>::Parameter = const boost::shared_ptr<const sensor_msgs::CameraInfo_<std::allocator<void> > >; typename boost::remove_reference<typename boost::remove_const<M>::type>::type = sensor_msgs::CameraInfo_<std::allocator<void> >; ros::ParameterAdapter<const boost::shared_ptr<const M>&>::Event = ros::MessageEvent<const sensor_msgs::CameraInfo_<std::allocator<void> > >][m[Kâ€™
[01m[K/opt/ros/noetic/include/ros/subscription_callback_helper.h:144:48:[m[K   required from â€˜[01m[Kvoid ros::SubscriptionCallbackHelperT<P, Enabled>::call(ros::SubscriptionCallbackHelperCallParams&) [with P = const boost::shared_ptr<const sensor_msgs::CameraInfo_<std::allocator<void> > >&; Enabled = void][m[Kâ€™
[01m[K/opt/ros/noetic/include/ros/subscription_callback_helper.h:141:16:[m[K   required from here
[01m[K/opt/ros/noetic/include/ros/message_event.h:227:5:[m[K [01;31m[Kerror: [m[Kâ€˜[01m[K__assert_fail[m[Kâ€™ was not declared in this scope
make[2]: *** [CMakeFiles/aruco_detect.dir/build.make:63: CMakeFiles/aruco_detect.dir/src/aruco_detect.cpp.o] Error 1
make[1]: *** [CMakeFiles/Makefile2:579: CMakeFiles/aruco_detect.dir/all] Error 2
make: *** [Makefile:141: all] Error 2
