[01m[K/home/tesol/sitl_ws/src/fiducials/aruco_detect/src/aruco_detect.cpp:[m[K In member function â€˜[01m[Kvoid FiducialsNode::performInitialCalibration()[m[Kâ€™:
[01m[K/home/tesol/sitl_ws/src/fiducials/aruco_detect/src/aruco_detect.cpp:553:21:[m[K [01;31m[Kerror: [m[Kâ€˜[01m[Krvecs[m[Kâ€™ was not declared in this scope
  553 |         avg_rvec += [01;31m[Krvecs[m[K[0];
      |                     [01;31m[K^~~~~[m[K
[01m[K/home/tesol/sitl_ws/src/fiducials/aruco_detect/src/aruco_detect.cpp:[m[K In function â€˜[01m[Kint main(int, char**)[m[Kâ€™:
[01m[K/home/tesol/sitl_ws/src/fiducials/aruco_detect/src/aruco_detect.cpp:565:51:[m[K [01;31m[Kerror: [m[Kâ€˜[01m[Kmake_unique[m[Kâ€™ is not a member of â€˜[01m[Kstd[m[Kâ€™
  565 |     std::unique_ptr<FiducialsNode> fd_node = std::[01;31m[Kmake_unique[m[K<FiducialsNode>();
      |                                                   [01;31m[K^~~~~~~~~~~[m[K
[01m[K/home/tesol/sitl_ws/src/fiducials/aruco_detect/src/aruco_detect.cpp:565:51:[m[K [01;36m[Knote: [m[Kâ€˜[01m[Kstd::make_unique[m[Kâ€™ is only available from C++14 onwards
[01m[K/home/tesol/sitl_ws/src/fiducials/aruco_detect/src/aruco_detect.cpp:565:76:[m[K [01;31m[Kerror: [m[Kexpected primary-expression before â€˜[01m[K>[m[Kâ€™ token
  565 |     std::unique_ptr<FiducialsNode> fd_node = std::make_unique<FiducialsNode[01;31m[K>[m[K();
      |                                                                            [01;31m[K^[m[K
[01m[K/home/tesol/sitl_ws/src/fiducials/aruco_detect/src/aruco_detect.cpp:565:78:[m[K [01;31m[Kerror: [m[Kexpected primary-expression before â€˜[01m[K)[m[Kâ€™ token
  565 |     std::unique_ptr<FiducialsNode> fd_node = std::make_unique<FiducialsNode>([01;31m[K)[m[K;
      |                                                                              [01;31m[K^[m[K
make[2]: *** [CMakeFiles/aruco_detect.dir/build.make:63: CMakeFiles/aruco_detect.dir/src/aruco_detect.cpp.o] Error 1
make[1]: *** [CMakeFiles/Makefile2:579: CMakeFiles/aruco_detect.dir/all] Error 2
make: *** [Makefile:141: all] Error 2
